{"numTotalTestSuites":59,"numPassedTestSuites":59,"numFailedTestSuites":0,"numPendingTestSuites":0,"numTotalTests":145,"numPassedTests":145,"numFailedTests":0,"numPendingTests":0,"numTodoTests":0,"snapshot":{"added":0,"failure":false,"filesAdded":0,"filesRemoved":0,"filesRemovedList":[],"filesUnmatched":0,"filesUpdated":0,"matched":1,"total":1,"unchecked":0,"uncheckedKeysByFile":[],"unmatched":0,"updated":0,"didUpdate":false},"startTime":1782443293507,"success":true,"testResults":[{"assertionResults":[{"ancestorTitles":["approval events"],"fullName":"approval events generates stable payload hash from event payload","status":"passed","title":"generates stable payload hash from event payload","duration":3.4784539999999993,"failureMessages":[],"meta":{},"tags":[]},{"ancestorTitles":["approval events"],"fullName":"approval events includes payload hash in generated approval event","status":"passed","title":"includes payload hash in generated approval event","duration":3.2106910000000255,"failureMessages":[],"meta":{},"tags":[]}],"startTime":1782443295996,"endTime":1782443296003.2107,"status":"passed","message":"","name":"/home/runner/work/VoiceAI-Support-Dashboard/VoiceAI-Support-Dashboard/tests/approval-events.test.ts"},{"assertionResults":[{"ancestorTitles":["parseSessionCookieValue"],"fullName":"parseSessionCookieValue returns null for null/undefined/empty","status":"passed","title":"returns null for null/undefined/empty","duration":3.821296000000018,"failureMessages":[],"meta":{},"tags":[]},{"ancestorTitles":["parseSessionCookieValue"],"fullName":"parseSessionCookieValue parses an unsigned cookie when no secret is set","status":"passed","title":"parses an unsigned cookie when no secret is set","duration":1.277421000000004,"failureMessages":[],"meta":{},"tags":[]},{"ancestorTitles":["parseSessionCookieValue"],"fullName":"parseSessionCookieValue returns null for a payload with extra dots (>2 segments)","status":"passed","title":"returns null for a payload with extra dots (>2 segments)","duration":0.323742999999979,"failureMessages":[],"meta":{},"tags":[]},{"ancestorTitles":["parseSessionCookieValue"],"fullName":"parseSessionCookieValue returns null for malformed base64 payload","status":"passed","title":"returns null for malformed base64 payload","duration":0.5172200000000089,"failureMessages":[],"meta":{},"tags":[]},{"ancestorTitles":["parseSessionCookieValue"],"fullName":"parseSessionCookieValue returns null when payload is valid JSON but missing required fields","status":"passed","title":"returns null when payload is valid JSON but missing required fields","duration":0.30968999999998914,"failureMessages":[],"meta":{},"tags":[]},{"ancestorTitles":["parseSessionCookieValue"],"fullName":"parseSessionCookieValue returns null for unknown role in payload","status":"passed","title":"returns null for unknown role in payload","duration":0.44010100000002694,"failureMessages":[],"meta":{},"tags":[]},{"ancestorTitles":["parseSessionCookieValue"],"fullName":"parseSessionCookieValue parses a signed cookie when secret matches","status":"passed","title":"parses a signed cookie when secret matches","duration":1.481806000000006,"failureMessages":[],"meta":{},"tags":[]},{"ancestorTitles":["parseSessionCookieValue"],"fullName":"parseSessionCookieValue returns null when signature is wrong","status":"passed","title":"returns null when signature is wrong","duration":0.3965149999999653,"failureMessages":[],"meta":{},"tags":[]},{"ancestorTitles":["parseSessionCookieValue"],"fullName":"parseSessionCookieValue returns null for unsigned cookie when secret is set (no signature provided)","status":"passed","title":"returns null for unsigned cookie when secret is set (no signature provided)","duration":0.5447540000000117,"failureMessages":[],"meta":{},"tags":[]},{"ancestorTitles":["parseSessionCookieValue"],"fullName":"parseSessionCookieValue blocks unsigned cookies in production when REQUIRE_SIGNED_SESSION_IN_PROD=true","status":"passed","title":"blocks unsigned cookies in production when REQUIRE_SIGNED_SESSION_IN_PROD=true","duration":0.39874800000001187,"failureMessages":[],"meta":{},"tags":[]},{"ancestorTitles":["parseSessionCookieValue"],"fullName":"parseSessionCookieValue returns null in production when no secret and REQUIRE_SIGNED is default-true","status":"passed","title":"returns null in production when no secret and REQUIRE_SIGNED is default-true","duration":0.5808749999999918,"failureMessages":[],"meta":{},"tags":[]},{"ancestorTitles":["parseSessionCookieValue"],"fullName":"parseSessionCookieValue accepts all valid roles","status":"passed","title":"accepts all valid roles","duration":0.5682180000000017,"failureMessages":[],"meta":{},"tags":[]},{"ancestorTitles":["getSessionCookieName"],"fullName":"getSessionCookieName returns the cookie name constant","status":"passed","title":"returns the cookie name constant","duration":0.35830500000002985,"failureMessages":[],"meta":{},"tags":[]},{"ancestorTitles":["DEFAULT_SESSION"],"fullName":"DEFAULT_SESSION has required fields with exact values","status":"passed","title":"has required fields with exact values","duration":0.6164550000000304,"failureMessages":[],"meta":{},"tags":[]},{"ancestorTitles":["requireSignedSessionInProd via parseSessionCookieValue"],"fullName":"requireSignedSessionInProd via parseSessionCookieValue REQUIRE_SIGNED_SESSION_IN_PROD=\"false\" → unsigned cookie accepted in production","status":"passed","title":"REQUIRE_SIGNED_SESSION_IN_PROD=\"false\" → unsigned cookie accepted in production","duration":0.43219100000004573,"failureMessages":[],"meta":{},"tags":[]},{"ancestorTitles":["requireSignedSessionInProd via parseSessionCookieValue"],"fullName":"requireSignedSessionInProd via parseSessionCookieValue REQUIRE_SIGNED_SESSION_IN_PROD=\"0\" → unsigned cookie accepted in production","status":"passed","title":"REQUIRE_SIGNED_SESSION_IN_PROD=\"0\" → unsigned cookie accepted in production","duration":0.3668650000000184,"failureMessages":[],"meta":{},"tags":[]},{"ancestorTitles":["requireSignedSessionInProd via parseSessionCookieValue"],"fullName":"requireSignedSessionInProd via parseSessionCookieValue REQUIRE_SIGNED_SESSION_IN_PROD=\"1\" + no secret → null in production","status":"passed","title":"REQUIRE_SIGNED_SESSION_IN_PROD=\"1\" + no secret → null in production","duration":0.37511800000004314,"failureMessages":[],"meta":{},"tags":[]},{"ancestorTitles":["requireSignedSessionInProd via parseSessionCookieValue"],"fullName":"requireSignedSessionInProd via parseSessionCookieValue REQUIRE_SIGNED_SESSION_IN_PROD=\"true\" + no secret → null in production","status":"passed","title":"REQUIRE_SIGNED_SESSION_IN_PROD=\"true\" + no secret → null in production","duration":0.28488299999997935,"failureMessages":[],"meta":{},"tags":[]},{"ancestorTitles":["requireSignedSessionInProd via parseSessionCookieValue"],"fullName":"requireSignedSessionInProd via parseSessionCookieValue REQUIRE_SIGNED_SESSION_IN_PROD=\"yes\" + no secret → null in production","status":"passed","title":"REQUIRE_SIGNED_SESSION_IN_PROD=\"yes\" + no secret → null in production","duration":0.3350720000000251,"failureMessages":[],"meta":{},"tags":[]},{"ancestorTitles":["requireSignedSessionInProd via parseSessionCookieValue"],"fullName":"requireSignedSessionInProd via parseSessionCookieValue REQUIRE_SIGNED_SESSION_IN_PROD=\"on\" + no secret → null in production","status":"passed","title":"REQUIRE_SIGNED_SESSION_IN_PROD=\"on\" + no secret → null in production","duration":0.25794899999999643,"failureMessages":[],"meta":{},"tags":[]},{"ancestorTitles":["requireSignedSessionInProd via parseSessionCookieValue"],"fullName":"requireSignedSessionInProd via parseSessionCookieValue missing REQUIRE_SIGNED_SESSION_IN_PROD defaults to require-signed in production","status":"passed","title":"missing REQUIRE_SIGNED_SESSION_IN_PROD defaults to require-signed in production","duration":0.41190299999999525,"failureMessages":[],"meta":{},"tags":[]},{"ancestorTitles":["maskEmail"],"fullName":"maskEmail masks a normal email","status":"passed","title":"masks a normal email","duration":0.3807830000000081,"failureMessages":[],"meta":{},"tags":[]},{"ancestorTitles":["maskEmail"],"fullName":"maskEmail masks a short local part (1 char)","status":"passed","title":"masks a short local part (1 char)","duration":0.4554539999999747,"failureMessages":[],"meta":{},"tags":[]},{"ancestorTitles":["maskEmail"],"fullName":"maskEmail masks a 2-char local part","status":"passed","title":"masks a 2-char local part","duration":0.2968429999999671,"failureMessages":[],"meta":{},"tags":[]},{"ancestorTitles":["maskEmail"],"fullName":"maskEmail returns hidden for email without @","status":"passed","title":"returns hidden for email without @","duration":0.3200090000000273,"failureMessages":[],"meta":{},"tags":[]},{"ancestorTitles":["maskEmail"],"fullName":"maskEmail returns hidden for email starting with @","status":"passed","title":"returns hidden for email starting with @","duration":0.2385889999999904,"failureMessages":[],"meta":{},"tags":[]},{"ancestorTitles":["maskEmail"],"fullName":"maskEmail masks a long local part","status":"passed","title":"masks a long local part","duration":0.30831100000000333,"failureMessages":[],"meta":{},"tags":[]}],"startTime":1782443294585,"endTime":1782443294601.32,"status":"passed","message":"","name":"/home/runner/work/VoiceAI-Support-Dashboard/VoiceAI-Support-Dashboard/tests/auth.test.ts"},{"assertionResults":[{"ancestorTitles":["redactPiiText"],"fullName":"redactPiiText redacts emails","status":"passed","title":"redacts emails","duration":4.062905999999998,"failureMessages":[],"meta":{},"tags":[]},{"ancestorTitles":["redactPiiText"],"fullName":"redactPiiText redacts phone numbers","status":"passed","title":"redacts phone numbers","duration":0.3411720000000287,"failureMessages":[],"meta":{},"tags":[]},{"ancestorTitles":["redactPiiText"],"fullName":"redactPiiText redacts credit cards","status":"passed","title":"redacts credit cards","duration":0.3138209999999617,"failureMessages":[],"meta":{},"tags":[]},{"ancestorTitles":["redactPiiText"],"fullName":"redactPiiText redacts SSNs","status":"passed","title":"redacts SSNs","duration":0.2763400000000047,"failureMessages":[],"meta":{},"tags":[]},{"ancestorTitles":["redactPiiText"],"fullName":"redactPiiText returns 0 redactions for clean text","status":"passed","title":"returns 0 redactions for clean text","duration":0.3790289999999459,"failureMessages":[],"meta":{},"tags":[]},{"ancestorTitles":["redactPiiText"],"fullName":"redactPiiText redacts multiple items in one string","status":"passed","title":"redacts multiple items in one string","duration":0.2291810000000396,"failureMessages":[],"meta":{},"tags":[]},{"ancestorTitles":["sanitizeForRetention"],"fullName":"sanitizeForRetention truncates at maxChars","status":"passed","title":"truncates at maxChars","duration":0.31580799999994724,"failureMessages":[],"meta":{},"tags":[]},{"ancestorTitles":["sanitizeForRetention"],"fullName":"sanitizeForRetention respects a custom maxChars","status":"passed","title":"respects a custom maxChars","duration":0.21131400000001577,"failureMessages":[],"meta":{},"tags":[]},{"ancestorTitles":["sanitizeForRetention"],"fullName":"sanitizeForRetention trims whitespace","status":"passed","title":"trims whitespace","duration":0.19521700000001374,"failureMessages":[],"meta":{},"tags":[]},{"ancestorTitles":["retrieveContext"],"fullName":"retrieveContext returns password/login playbook for relevant transcript","status":"passed","title":"returns password/login playbook for relevant transcript","duration":0.3740709999999581,"failureMessages":[],"meta":{},"tags":[]},{"ancestorTitles":["retrieveContext"],"fullName":"retrieveContext returns refund playbook for charge-related transcript","status":"passed","title":"returns refund playbook for charge-related transcript","duration":0.22642600000000357,"failureMessages":[],"meta":{},"tags":[]},{"ancestorTitles":["retrieveContext"],"fullName":"retrieveContext returns bug/incident info for crash-related transcript","status":"passed","title":"returns bug/incident info for crash-related transcript","duration":0.24396099999995613,"failureMessages":[],"meta":{},"tags":[]},{"ancestorTitles":["retrieveContext"],"fullName":"retrieveContext returns VIP treatment for enterprise transcript","status":"passed","title":"returns VIP treatment for enterprise transcript","duration":0.23169900000004873,"failureMessages":[],"meta":{},"tags":[]},{"ancestorTitles":["retrieveContext"],"fullName":"retrieveContext returns empty string for unrelated transcript","status":"passed","title":"returns empty string for unrelated transcript","duration":0.17536100000000943,"failureMessages":[],"meta":{},"tags":[]},{"ancestorTitles":["retrieveContext"],"fullName":"retrieveContext combines multiple context chunks","status":"passed","title":"combines multiple context chunks","duration":0.3151600000000485,"failureMessages":[],"meta":{},"tags":[]},{"ancestorTitles":["readJsonBodyWithLimit"],"fullName":"readJsonBodyWithLimit parses valid JSON within limit","status":"passed","title":"parses valid JSON within limit","duration":37.37626,"failureMessages":[],"meta":{},"tags":[]},{"ancestorTitles":["readJsonBodyWithLimit"],"fullName":"readJsonBodyWithLimit throws JsonBodyTooLargeError when body exceeds limit","status":"passed","title":"throws JsonBodyTooLargeError when body exceeds limit","duration":1.6176110000000108,"failureMessages":[],"meta":{},"tags":[]},{"ancestorTitles":["readJsonBodyWithLimit"],"fullName":"readJsonBodyWithLimit throws JsonBodyParseError for invalid JSON","status":"passed","title":"throws JsonBodyParseError for invalid JSON","duration":0.6193030000000022,"failureMessages":[],"meta":{},"tags":[]},{"ancestorTitles":["readJsonBodyWithLimit"],"fullName":"readJsonBodyWithLimit JsonBodyTooLargeError carries maxBytes","status":"passed","title":"JsonBodyTooLargeError carries maxBytes","duration":0.6866190000000074,"failureMessages":[],"meta":{},"tags":[]}],"startTime":1782443293887,"endTime":1782443293935.6865,"status":"passed","message":"","name":"/home/runner/work/VoiceAI-Support-Dashboard/VoiceAI-Support-Dashboard/tests/compliance-rag-body.test.ts"},{"assertionResults":[{"ancestorTitles":["ScanLedger: 100% Coverage Suite","lib/safety.ts"],"fullName":"ScanLedger: 100% Coverage Suite lib/safety.ts hits all safety normalization and edge cases","status":"passed","title":"hits all safety normalization and edge cases","duration":7.067736999999994,"failureMessages":[],"meta":{},"tags":[]},{"ancestorTitles":["ScanLedger: 100% Coverage Suite","lib/safety.ts"],"fullName":"ScanLedger: 100% Coverage Suite lib/safety.ts hits all explicit request keywords","status":"passed","title":"hits all explicit request keywords","duration":0.9987940000000037,"failureMessages":[],"meta":{},"tags":[]},{"ancestorTitles":["ScanLedger: 100% Coverage Suite","lib/safety.ts"],"fullName":"ScanLedger: 100% Coverage Suite lib/safety.ts hits all action prefix keywords","status":"passed","title":"hits all action prefix keywords","duration":1.0577780000000132,"failureMessages":[],"meta":{},"tags":[]},{"ancestorTitles":["ScanLedger: 100% Coverage Suite","lib/verifier.ts"],"fullName":"ScanLedger: 100% Coverage Suite lib/verifier.ts hits tokenizer and window edge cases","status":"passed","title":"hits tokenizer and window edge cases","duration":1.5474040000000002,"failureMessages":[],"meta":{},"tags":[]},{"ancestorTitles":["ScanLedger: 100% Coverage Suite","lib/verifier.ts"],"fullName":"ScanLedger: 100% Coverage Suite lib/verifier.ts hits repair policy branches","status":"passed","title":"hits repair policy branches","duration":0.8967409999999916,"failureMessages":[],"meta":{},"tags":[]},{"ancestorTitles":["ScanLedger: 100% Coverage Suite","lib/verifier.ts"],"fullName":"ScanLedger: 100% Coverage Suite lib/verifier.ts hits non-actionable repair","status":"passed","title":"hits non-actionable repair","duration":0.3405559999999923,"failureMessages":[],"meta":{},"tags":[]},{"ancestorTitles":["ScanLedger: 100% Coverage Suite","lib/verifier.ts"],"fullName":"ScanLedger: 100% Coverage Suite lib/verifier.ts hits entity leakage with many entities","status":"passed","title":"hits entity leakage with many entities","duration":0.5787610000000143,"failureMessages":[],"meta":{},"tags":[]},{"ancestorTitles":["ScanLedger: 100% Coverage Suite","lib/verifier.ts"],"fullName":"ScanLedger: 100% Coverage Suite lib/verifier.ts hits window mismatch with long lines","status":"passed","title":"hits window mismatch with long lines","duration":0.40260399999999663,"failureMessages":[],"meta":{},"tags":[]},{"ancestorTitles":["ScanLedger: 100% Coverage Suite","lib/verifier.ts"],"fullName":"ScanLedger: 100% Coverage Suite lib/verifier.ts hits scoring lower bounds","status":"passed","title":"hits scoring lower bounds","duration":0.3766040000000146,"failureMessages":[],"meta":{},"tags":[]}],"startTime":1782443294858,"endTime":1782443294872.3767,"status":"passed","message":"","name":"/home/runner/work/VoiceAI-Support-Dashboard/VoiceAI-Support-Dashboard/tests/coverage-ledger.test.ts"},{"assertionResults":[{"ancestorTitles":["runtime guardian"],"fullName":"runtime guardian returns healthy snapshot by default","status":"passed","title":"returns healthy snapshot by default","duration":4.168413000000015,"failureMessages":[],"meta":{},"tags":[]},{"ancestorTitles":["runtime guardian"],"fullName":"runtime guardian degrades when failures, latency, and attack pressure increase","status":"passed","title":"degrades when failures, latency, and attack pressure increase","duration":3.533155999999991,"failureMessages":[],"meta":{},"tags":[]}],"startTime":1782443295393,"endTime":1782443295401.5332,"status":"passed","message":"","name":"/home/runner/work/VoiceAI-Support-Dashboard/VoiceAI-Support-Dashboard/tests/guardian.test.ts"},{"assertionResults":[{"ancestorTitles":["local history v4 migration"],"fullName":"local history v4 migration migrates legacy session shape and backfills index/event fields","status":"passed","title":"migrates legacy session shape and backfills index/event fields","duration":6.5075370000000134,"failureMessages":[],"meta":{},"tags":[]},{"ancestorTitles":["local history v4 migration"],"fullName":"local history v4 migration recovers from primary corruption via backup envelope","status":"passed","title":"recovers from primary corruption via backup envelope","duration":1.201594,"failureMessages":[],"meta":{},"tags":[]}],"startTime":1782443296059,"endTime":1782443296066.2017,"status":"passed","message":"","name":"/home/runner/work/VoiceAI-Support-Dashboard/VoiceAI-Support-Dashboard/tests/history-migration.test.ts"},{"assertionResults":[{"ancestorTitles":["http security"],"fullName":"http security detects mutating methods","status":"passed","title":"detects mutating methods","duration":3.424617000000012,"failureMessages":[],"meta":{},"tags":[]},{"ancestorTitles":["http security"],"fullName":"http security accepts same-origin requests and known allowlist origins","status":"passed","title":"accepts same-origin requests and known allowlist origins","duration":1.2991039999999998,"failureMessages":[],"meta":{},"tags":[]},{"ancestorTitles":["http security"],"fullName":"http security blocks invalid or mismatched origins","status":"passed","title":"blocks invalid or mismatched origins","duration":0.4370920000000069,"failureMessages":[],"meta":{},"tags":[]},{"ancestorTitles":["http security"],"fullName":"http security sets baseline security headers","status":"passed","title":"sets baseline security headers","duration":34.77268200000003,"failureMessages":[],"meta":{},"tags":[]}],"startTime":1782443293883,"endTime":1782443293922.7727,"status":"passed","message":"","name":"/home/runner/work/VoiceAI-Support-Dashboard/VoiceAI-Support-Dashboard/tests/http-security.test.ts"},{"assertionResults":[{"ancestorTitles":["idempotency store"],"fullName":"idempotency store stores and replays responses by scope key","status":"passed","title":"stores and replays responses by scope key","duration":6.671166999999997,"failureMessages":[],"meta":{},"tags":[]},{"ancestorTitles":["idempotency store"],"fullName":"idempotency store prevents duplicate in-flight requests using lock","status":"passed","title":"prevents duplicate in-flight requests using lock","duration":0.7718889999999874,"failureMessages":[],"meta":{},"tags":[]}],"startTime":1782443295798,"endTime":1782443295805.772,"status":"passed","message":"","name":"/home/runner/work/VoiceAI-Support-Dashboard/VoiceAI-Support-Dashboard/tests/idempotency.test.ts"},{"assertionResults":[{"ancestorTitles":["integration job queue"],"fullName":"integration job queue reuses idempotent execution requests","status":"passed","title":"reuses idempotent execution requests","duration":5.573341999999968,"failureMessages":[],"meta":{},"tags":[]},{"ancestorTitles":["integration job queue"],"fullName":"integration job queue creates a retry job from an existing job","status":"passed","title":"creates a retry job from an existing job","duration":0.9918860000000222,"failureMessages":[],"meta":{},"tags":[]}],"startTime":1782443295770,"endTime":1782443295776.992,"status":"passed","message":"","name":"/home/runner/work/VoiceAI-Support-Dashboard/VoiceAI-Support-Dashboard/tests/job-queue.test.ts"},{"assertionResults":[{"ancestorTitles":["/api/process contract snapshot"],"fullName":"/api/process contract snapshot keeps the response shape stable","status":"passed","title":"keeps the response shape stable","duration":18.787065000000098,"failureMessages":[],"meta":{},"tags":[]}],"startTime":1782443294880,"endTime":1782443294898.787,"status":"passed","message":"","name":"/home/runner/work/VoiceAI-Support-Dashboard/VoiceAI-Support-Dashboard/tests/process-contract-snapshot.test.ts"},{"assertionResults":[{"ancestorTitles":["/api/process response contract"],"fullName":"/api/process response contract preserves top-level key contract","status":"passed","title":"preserves top-level key contract","duration":9.222995000000083,"failureMessages":[],"meta":{},"tags":[]},{"ancestorTitles":["/api/process response contract"],"fullName":"/api/process response contract does not allow key removals in required branches","status":"passed","title":"does not allow key removals in required branches","duration":1.304489999999987,"failureMessages":[],"meta":{},"tags":[]}],"startTime":1782443295449,"endTime":1782443295460.3044,"status":"passed","message":"","name":"/home/runner/work/VoiceAI-Support-Dashboard/VoiceAI-Support-Dashboard/tests/process-contract.test.ts"},{"assertionResults":[{"ancestorTitles":["processPayload"],"fullName":"processPayload returns success payload with required meta and steps","status":"passed","title":"returns success payload with required meta and steps","duration":9.852178999999978,"failureMessages":[],"meta":{},"tags":[]},{"ancestorTitles":["processPayload"],"fullName":"processPayload fails empty transcript with safety step","status":"passed","title":"fails empty transcript with safety step","duration":3.6065209999999297,"failureMessages":[],"meta":{},"tags":[]},{"ancestorTitles":["processPayload"],"fullName":"processPayload uses demo-safe fallback when Gemini config is missing and demo mode is enabled","status":"passed","title":"uses demo-safe fallback when Gemini config is missing and demo mode is enabled","duration":1.4168170000000373,"failureMessages":[],"meta":{},"tags":[]},{"ancestorTitles":["processPayload"],"fullName":"processPayload returns verifier rejection under reject policy","status":"passed","title":"returns verifier rejection under reject policy","duration":0.5852899999999863,"failureMessages":[],"meta":{},"tags":[]},{"ancestorTitles":["POST /api/process"],"fullName":"POST /api/process rejects bad JSON","status":"passed","title":"rejects bad JSON","duration":7.22659299999998,"failureMessages":[],"meta":{},"tags":[]},{"ancestorTitles":["POST /api/process"],"fullName":"POST /api/process enforces rate limiting","status":"passed","title":"enforces rate limiting","duration":5.079209999999989,"failureMessages":[],"meta":{},"tags":[]}],"startTime":1782443294729,"endTime":1782443294757.079,"status":"passed","message":"","name":"/home/runner/work/VoiceAI-Support-Dashboard/VoiceAI-Support-Dashboard/tests/process-route.test.ts"},{"assertionResults":[{"ancestorTitles":["quality scoring"],"fullName":"quality scoring returns full score for valid output","status":"passed","title":"returns full score for valid output","duration":3.9553689999999904,"failureMessages":[],"meta":{},"tags":[]},{"ancestorTitles":["PII redaction"],"fullName":"PII redaction redacts phone numbers and emails","status":"passed","title":"redacts phone numbers and emails","duration":1.2425870000000145,"failureMessages":[],"meta":{},"tags":[]}],"startTime":1782443296242,"endTime":1782443296248.2427,"status":"passed","message":"","name":"/home/runner/work/VoiceAI-Support-Dashboard/VoiceAI-Support-Dashboard/tests/quality-compliance.test.ts"},{"assertionResults":[{"ancestorTitles":["rate limiting"],"fullName":"rate limiting enforces burst window","status":"passed","title":"enforces burst window","duration":4.180765000000008,"failureMessages":[],"meta":{},"tags":[]}],"startTime":1782443296253,"endTime":1782443296257.1807,"status":"passed","message":"","name":"/home/runner/work/VoiceAI-Support-Dashboard/VoiceAI-Support-Dashboard/tests/rate-limit.test.ts"},{"assertionResults":[{"ancestorTitles":["hasRole"],"fullName":"hasRole owner satisfies all roles","status":"passed","title":"owner satisfies all roles","duration":3.561857000000032,"failureMessages":[],"meta":{},"tags":[]},{"ancestorTitles":["hasRole"],"fullName":"hasRole viewer only satisfies viewer","status":"passed","title":"viewer only satisfies viewer","duration":0.5484000000000151,"failureMessages":[],"meta":{},"tags":[]},{"ancestorTitles":["hasRole"],"fullName":"hasRole agent satisfies agent + viewer","status":"passed","title":"agent satisfies agent + viewer","duration":0.2886039999999639,"failureMessages":[],"meta":{},"tags":[]},{"ancestorTitles":["hasRole"],"fullName":"hasRole admin satisfies admin + agent + viewer","status":"passed","title":"admin satisfies admin + agent + viewer","duration":0.37625500000001466,"failureMessages":[],"meta":{},"tags":[]},{"ancestorTitles":["hasRole"],"fullName":"hasRole accepts a multi-role array — passes if any is satisfied","status":"passed","title":"accepts a multi-role array — passes if any is satisfied","duration":0.26487800000001016,"failureMessages":[],"meta":{},"tags":[]},{"ancestorTitles":["forbiddenResponse"],"fullName":"forbiddenResponse returns 403 with default code","status":"passed","title":"returns 403 with default code","duration":4.808039000000008,"failureMessages":[],"meta":{},"tags":[]},{"ancestorTitles":["forbiddenResponse"],"fullName":"forbiddenResponse returns 403 with custom detailsCode","status":"passed","title":"returns 403 with custom detailsCode","duration":0.39759199999997463,"failureMessages":[],"meta":{},"tags":[]},{"ancestorTitles":["ensureRole"],"fullName":"ensureRole returns null when session has sufficient role","status":"passed","title":"returns null when session has sufficient role","duration":0.27246200000001863,"failureMessages":[],"meta":{},"tags":[]},{"ancestorTitles":["ensureRole"],"fullName":"ensureRole returns 403 NextResponse when role is insufficient","status":"passed","title":"returns 403 NextResponse when role is insufficient","duration":0.43136099999998123,"failureMessages":[],"meta":{},"tags":[]},{"ancestorTitles":["ensureRole"],"fullName":"ensureRole propagates custom detailsCode through forbiddenResponse","status":"passed","title":"propagates custom detailsCode through forbiddenResponse","duration":0.358146999999974,"failureMessages":[],"meta":{},"tags":[]}],"startTime":1782443294309,"endTime":1782443294321.4314,"status":"passed","message":"","name":"/home/runner/work/VoiceAI-Support-Dashboard/VoiceAI-Support-Dashboard/tests/rbac.test.ts"},{"assertionResults":[{"ancestorTitles":["getSessionContextFromRequest"],"fullName":"getSessionContextFromRequest prefers signed cookie session when secret is configured","status":"passed","title":"prefers signed cookie session when secret is configured","duration":7.984094999999996,"failureMessages":[],"meta":{},"tags":[]},{"ancestorTitles":["getSessionContextFromRequest"],"fullName":"getSessionContextFromRequest falls back to proxy headers in non-production","status":"passed","title":"falls back to proxy headers in non-production","duration":0.8059430000000134,"failureMessages":[],"meta":{},"tags":[]},{"ancestorTitles":["getSessionContextFromRequest"],"fullName":"getSessionContextFromRequest blocks unsigned cookie fallback in production","status":"passed","title":"blocks unsigned cookie fallback in production","duration":0.7132110000000011,"failureMessages":[],"meta":{},"tags":[]}],"startTime":1782443295187,"endTime":1782443295196.7131,"status":"passed","message":"","name":"/home/runner/work/VoiceAI-Support-Dashboard/VoiceAI-Support-Dashboard/tests/request-session.test.ts"},{"assertionResults":[{"ancestorTitles":["runSafetyCheck"],"fullName":"runSafetyCheck passes valid grounded output and adds footer when missing","status":"passed","title":"passes valid grounded output and adds footer when missing","duration":4.577528999999998,"failureMessages":[],"meta":{},"tags":[]},{"ancestorTitles":["runSafetyCheck"],"fullName":"runSafetyCheck fails when transcript has request but no tasks","status":"passed","title":"fails when transcript has request but no tasks","duration":0.6243359999999996,"failureMessages":[],"meta":{},"tags":[]}],"startTime":1782443295864,"endTime":1782443295869.6243,"status":"passed","message":"","name":"/home/runner/work/VoiceAI-Support-Dashboard/VoiceAI-Support-Dashboard/tests/safety.test.ts"},{"assertionResults":[{"ancestorTitles":["schema contracts"],"fullName":"schema contracts accepts valid process request","status":"passed","title":"accepts valid process request","duration":5.6220800000000395,"failureMessages":[],"meta":{},"tags":[]},{"ancestorTitles":["schema contracts"],"fullName":"schema contracts rejects extra properties in process response","status":"passed","title":"rejects extra properties in process response","duration":5.126619000000005,"failureMessages":[],"meta":{},"tags":[]}],"startTime":1782443295518,"endTime":1782443295529.1267,"status":"passed","message":"","name":"/home/runner/work/VoiceAI-Support-Dashboard/VoiceAI-Support-Dashboard/tests/schema.test.ts"},{"assertionResults":[{"ancestorTitles":["security shield"],"fullName":"security shield blocks abusive client fingerprints after threshold","status":"passed","title":"blocks abusive client fingerprints after threshold","duration":3.545146999999986,"failureMessages":[],"meta":{},"tags":[]},{"ancestorTitles":["security shield"],"fullName":"security shield tracks signal counters and snapshot totals","status":"passed","title":"tracks signal counters and snapshot totals","duration":0.4665300000000059,"failureMessages":[],"meta":{},"tags":[]}],"startTime":1782443296062,"endTime":1782443296066.4666,"status":"passed","message":"","name":"/home/runner/work/VoiceAI-Support-Dashboard/VoiceAI-Support-Dashboard/tests/security-shield.test.ts"},{"assertionResults":[{"ancestorTitles":["share tokens"],"fullName":"share tokens creates and validates share token","status":"passed","title":"creates and validates share token","duration":7.102056000000005,"failureMessages":[],"meta":{},"tags":[]},{"ancestorTitles":["share tokens"],"fullName":"share tokens expires share token based on configured ttl","status":"passed","title":"expires share token based on configured ttl","duration":3.158956000000046,"failureMessages":[],"meta":{},"tags":[]},{"ancestorTitles":["share tokens"],"fullName":"share tokens rejects revoked token","status":"passed","title":"rejects revoked token","duration":0.9866930000000025,"failureMessages":[],"meta":{},"tags":[]}],"startTime":1782443295151,"endTime":1782443295161.9866,"status":"passed","message":"","name":"/home/runner/work/VoiceAI-Support-Dashboard/VoiceAI-Support-Dashboard/tests/share.test.ts"},{"assertionResults":[{"ancestorTitles":["ssrf validator"],"fullName":"ssrf validator blocks non-https URLs","status":"passed","title":"blocks non-https URLs","duration":3.8603029999999876,"failureMessages":[],"meta":{},"tags":[]},{"ancestorTitles":["ssrf validator"],"fullName":"ssrf validator blocks localhost and private ranges","status":"passed","title":"blocks localhost and private ranges","duration":2.8506019999999808,"failureMessages":[],"meta":{},"tags":[]},{"ancestorTitles":["ssrf validator"],"fullName":"ssrf validator blocks domains resolving to private addresses","status":"passed","title":"blocks domains resolving to private addresses","duration":5.292401999999981,"failureMessages":[],"meta":{},"tags":[]},{"ancestorTitles":["ssrf validator"],"fullName":"ssrf validator allows public domains with public resolution","status":"passed","title":"allows public domains with public resolution","duration":1.7714889999999741,"failureMessages":[],"meta":{},"tags":[]},{"ancestorTitles":["ssrf validator"],"fullName":"ssrf validator enforces optional allowlist hosts when configured","status":"passed","title":"enforces optional allowlist hosts when configured","duration":0.6306569999999851,"failureMessages":[],"meta":{},"tags":[]},{"ancestorTitles":["ssrf validator"],"fullName":"ssrf validator allowlist with spaces and mixed case is normalised","status":"passed","title":"allowlist with spaces and mixed case is normalised","duration":0.5800439999999867,"failureMessages":[],"meta":{},"tags":[]},{"ancestorTitles":["ssrf validator"],"fullName":"ssrf validator allows subdomain of allowlisted host","status":"passed","title":"allows subdomain of allowlisted host","duration":0.3354810000000157,"failureMessages":[],"meta":{},"tags":[]},{"ancestorTitles":["ssrf validator"],"fullName":"ssrf validator blocks URLs with credentials in them","status":"passed","title":"blocks URLs with credentials in them","duration":0.4528799999999933,"failureMessages":[],"meta":{},"tags":[]},{"ancestorTitles":["ssrf validator"],"fullName":"ssrf validator blocks invalid / unparseable URL string","status":"passed","title":"blocks invalid / unparseable URL string","duration":0.2800320000000056,"failureMessages":[],"meta":{},"tags":[]},{"ancestorTitles":["ssrf validator"],"fullName":"ssrf validator blocks metadata.google.internal","status":"passed","title":"blocks metadata.google.internal","duration":0.25012200000003304,"failureMessages":[],"meta":{},"tags":[]},{"ancestorTitles":["ssrf validator"],"fullName":"ssrf validator blocks *.local hostnames","status":"passed","title":"blocks *.local hostnames","duration":0.24031400000001213,"failureMessages":[],"meta":{},"tags":[]},{"ancestorTitles":["ssrf validator"],"fullName":"ssrf validator blocks *.internal hostnames","status":"passed","title":"blocks *.internal hostnames","duration":0.26489700000001903,"failureMessages":[],"meta":{},"tags":[]},{"ancestorTitles":["ssrf validator"],"fullName":"ssrf validator blocks 172.16-31.x.x private range — boundary values","status":"passed","title":"blocks 172.16-31.x.x private range — boundary values","duration":0.4122330000000147,"failureMessages":[],"meta":{},"tags":[]},{"ancestorTitles":["ssrf validator"],"fullName":"ssrf validator blocks 172.15.x.x — just below private range (public boundary)","status":"passed","title":"blocks 172.15.x.x — just below private range (public boundary)","duration":0.32234499999998434,"failureMessages":[],"meta":{},"tags":[]},{"ancestorTitles":["ssrf validator"],"fullName":"ssrf validator blocks 172.32.x.x — just above private range (public boundary)","status":"passed","title":"blocks 172.32.x.x — just above private range (public boundary)","duration":0.3538209999999822,"failureMessages":[],"meta":{},"tags":[]},{"ancestorTitles":["ssrf validator"],"fullName":"ssrf validator blocks 192.168.x.x private range","status":"passed","title":"blocks 192.168.x.x private range","duration":0.31589700000000676,"failureMessages":[],"meta":{},"tags":[]},{"ancestorTitles":["ssrf validator"],"fullName":"ssrf validator blocks 169.254.x.x link-local — boundary","status":"passed","title":"blocks 169.254.x.x link-local — boundary","duration":0.42782499999998436,"failureMessages":[],"meta":{},"tags":[]},{"ancestorTitles":["ssrf validator"],"fullName":"ssrf validator blocks 100.64.x.x — lower CGNAT boundary","status":"passed","title":"blocks 100.64.x.x — lower CGNAT boundary","duration":0.3201349999999934,"failureMessages":[],"meta":{},"tags":[]},{"ancestorTitles":["ssrf validator"],"fullName":"ssrf validator blocks 100.127.x.x — upper CGNAT boundary","status":"passed","title":"blocks 100.127.x.x — upper CGNAT boundary","duration":0.31872199999997974,"failureMessages":[],"meta":{},"tags":[]},{"ancestorTitles":["ssrf validator"],"fullName":"ssrf validator allows 100.63.x.x — just below CGNAT range (public boundary)","status":"passed","title":"allows 100.63.x.x — just below CGNAT range (public boundary)","duration":0.3738050000000044,"failureMessages":[],"meta":{},"tags":[]},{"ancestorTitles":["ssrf validator"],"fullName":"ssrf validator allows 100.128.x.x — just above CGNAT range (public boundary)","status":"passed","title":"allows 100.128.x.x — just above CGNAT range (public boundary)","duration":0.3130439999999908,"failureMessages":[],"meta":{},"tags":[]},{"ancestorTitles":["ssrf validator"],"fullName":"ssrf validator blocks multicast 224.0.0.1 — lower boundary","status":"passed","title":"blocks multicast 224.0.0.1 — lower boundary","duration":0.3750049999999874,"failureMessages":[],"meta":{},"tags":[]},{"ancestorTitles":["ssrf validator"],"fullName":"ssrf validator allows 223.x.x.x — just below multicast (public boundary)","status":"passed","title":"allows 223.x.x.x — just below multicast (public boundary)","duration":0.35302100000001246,"failureMessages":[],"meta":{},"tags":[]},{"ancestorTitles":["ssrf validator"],"fullName":"ssrf validator blocks 0.0.0.0 — zero address","status":"passed","title":"blocks 0.0.0.0 — zero address","duration":0.2919069999999806,"failureMessages":[],"meta":{},"tags":[]},{"ancestorTitles":["ssrf validator"],"fullName":"ssrf validator blocks 10.x.x.x — class A private","status":"passed","title":"blocks 10.x.x.x — class A private","duration":0.2686130000000162,"failureMessages":[],"meta":{},"tags":[]},{"ancestorTitles":["ssrf validator"],"fullName":"ssrf validator blocks 127.x.x.x — loopback","status":"passed","title":"blocks 127.x.x.x — loopback","duration":0.39431899999999587,"failureMessages":[],"meta":{},"tags":[]},{"ancestorTitles":["ssrf validator"],"fullName":"ssrf validator allows 11.x.x.x — just above class A private (public)","status":"passed","title":"allows 11.x.x.x — just above class A private (public)","duration":3.370002999999997,"failureMessages":[],"meta":{},"tags":[]},{"ancestorTitles":["ssrf validator"],"fullName":"ssrf validator blocks 198.18.x.x and 198.19.x.x — benchmark range","status":"passed","title":"blocks 198.18.x.x and 198.19.x.x — benchmark range","duration":0.3939210000000344,"failureMessages":[],"meta":{},"tags":[]},{"ancestorTitles":["ssrf validator"],"fullName":"ssrf validator allows 198.17.x.x — just below benchmark range (public)","status":"passed","title":"allows 198.17.x.x — just below benchmark range (public)","duration":0.33395099999995637,"failureMessages":[],"meta":{},"tags":[]},{"ancestorTitles":["ssrf validator"],"fullName":"ssrf validator allows 198.20.x.x — just above benchmark range (public)","status":"passed","title":"allows 198.20.x.x — just above benchmark range (public)","duration":0.3021620000000098,"failureMessages":[],"meta":{},"tags":[]},{"ancestorTitles":["ssrf validator"],"fullName":"ssrf validator blocks IPv6 loopback ::1","status":"passed","title":"blocks IPv6 loopback ::1","duration":0.4616760000000113,"failureMessages":[],"meta":{},"tags":[]},{"ancestorTitles":["ssrf validator"],"fullName":"ssrf validator blocks IPv6 private fc::/7 range","status":"passed","title":"blocks IPv6 private fc::/7 range","duration":0.6065980000000195,"failureMessages":[],"meta":{},"tags":[]},{"ancestorTitles":["ssrf validator"],"fullName":"ssrf validator blocks IPv6 link-local fe80::/10 — fe80, fe9, fea, feb prefixes","status":"passed","title":"blocks IPv6 link-local fe80::/10 — fe80, fe9, fea, feb prefixes","duration":0.7999269999999683,"failureMessages":[],"meta":{},"tags":[]},{"ancestorTitles":["ssrf validator"],"fullName":"ssrf validator blocks ::ffff:<private-ipv4> mapped addresses","status":"passed","title":"blocks ::ffff:<private-ipv4> mapped addresses","duration":0.370332000000019,"failureMessages":[],"meta":{},"tags":[]},{"ancestorTitles":["ssrf validator"],"fullName":"ssrf validator returns error when DNS lookup returns empty list","status":"passed","title":"returns error when DNS lookup returns empty list","duration":0.34831199999996443,"failureMessages":[],"meta":{},"tags":[]},{"ancestorTitles":["ssrf validator"],"fullName":"ssrf validator returns error when DNS lookup throws","status":"passed","title":"returns error when DNS lookup throws","duration":0.6609190000000353,"failureMessages":[],"meta":{},"tags":[]}],"startTime":1782443294237,"endTime":1782443294266.661,"status":"passed","message":"","name":"/home/runner/work/VoiceAI-Support-Dashboard/VoiceAI-Support-Dashboard/tests/ssrf.test.ts"},{"assertionResults":[{"ancestorTitles":["v2 API contracts"],"fullName":"v2 API contracts returns paginated v2 history response shape","status":"passed","title":"returns paginated v2 history response shape","duration":154.83558799999997,"failureMessages":[],"meta":{},"tags":[]},{"ancestorTitles":["v2 API contracts"],"fullName":"v2 API contracts returns paginated v2 open loops response shape","status":"passed","title":"returns paginated v2 open loops response shape","duration":8.017007000000035,"failureMessages":[],"meta":{},"tags":[]}],"startTime":1782443293822,"endTime":1782443293985.017,"status":"passed","message":"","name":"/home/runner/work/VoiceAI-Support-Dashboard/VoiceAI-Support-Dashboard/tests/v2-contract.test.ts"},{"assertionResults":[{"ancestorTitles":["runGroundingVerifier"],"fullName":"runGroundingVerifier flags empty summary and missing subject/footer","status":"passed","title":"flags empty summary and missing subject/footer","duration":5.7756200000000035,"failureMessages":[],"meta":{},"tags":[]},{"ancestorTitles":["runGroundingVerifier"],"fullName":"runGroundingVerifier repairs output under repair policy","status":"passed","title":"repairs output under repair policy","duration":0.951941000000005,"failureMessages":[],"meta":{},"tags":[]},{"ancestorTitles":["runGroundingVerifier"],"fullName":"runGroundingVerifier flags non-actionable tasks and token window mismatch","status":"passed","title":"flags non-actionable tasks and token window mismatch","duration":0.6007930000000101,"failureMessages":[],"meta":{},"tags":[]},{"ancestorTitles":["runGroundingVerifier"],"fullName":"runGroundingVerifier keeps verifier failed output under reject policy for route-level blocking","status":"passed","title":"keeps verifier failed output under reject policy for route-level blocking","duration":0.5106399999999951,"failureMessages":[],"meta":{},"tags":[]}],"startTime":1782443295626,"endTime":1782443295634.5107,"status":"passed","message":"","name":"/home/runner/work/VoiceAI-Support-Dashboard/VoiceAI-Support-Dashboard/tests/verifier.test.ts"}],"coverageMap":{"/home/runner/work/VoiceAI-Support-Dashboard/VoiceAI-Support-Dashboard/lib/api-response.ts":{"path":"/home/runner/work/VoiceAI-Support-Dashboard/VoiceAI-Support-Dashboard/lib/api-response.ts","statementMap":{"0":{"start":{"line":15,"column":43},"end":{"line":26,"column":null}},"1":{"start":{"line":28,"column":19},"end":{"line":28,"column":null}},"2":{"start":{"line":29,"column":2},"end":{"line":31,"column":null}},"3":{"start":{"line":30,"column":4},"end":{"line":30,"column":null}},"4":{"start":{"line":32,"column":2},"end":{"line":32,"column":null}}},"fnMap":{"0":{"name":"jsonError","decl":{"start":{"line":14,"column":16},"end":{"line":14,"column":26}},"loc":{"start":{"line":14,"column":50},"end":{"line":33,"column":null}},"line":14}},"branchMap":{"0":{"loc":{"start":{"line":21,"column":10},"end":{"line":23,"column":null}},"type":"cond-expr","locations":[{"start":{"line":22,"column":10},"end":{"line":22,"column":null}},{"start":{"line":23,"column":10},"end":{"line":23,"column":null}}],"line":21},"1":{"loc":{"start":{"line":25,"column":8},"end":{"line":25,"column":null}},"type":"binary-expr","locations":[{"start":{"line":25,"column":8},"end":{"line":25,"column":24}},{"start":{"line":25,"column":24},"end":{"line":25,"column":null}}],"line":25},"2":{"loc":{"start":{"line":29,"column":2},"end":{"line":31,"column":null}},"type":"if","locations":[{"start":{"line":29,"column":2},"end":{"line":31,"column":null}},{"start":{},"end":{}}],"line":29}},"s":{"0":2,"1":2,"2":2,"3":2,"4":2},"f":{"0":2},"b":{"0":[0,2],"1":[2,2],"2":[2,0]},"meta":{"lastBranch":3,"lastFunction":1,"lastStatement":5,"seen":{"f:14:16:14:26":0,"s:15:43:26:Infinity":0,"b:22:10:22:Infinity:23:10:23:Infinity":0,"b:25:8:25:24:25:24:25:Infinity":1,"s:28:19:28:Infinity":1,"b:29:2:31:Infinity:undefined:undefined:undefined:undefined":2,"s:29:2:31:Infinity":2,"s:30:4:30:Infinity":3,"s:32:2:32:Infinity":4}}},"/home/runner/work/VoiceAI-Support-Dashboard/VoiceAI-Support-Dashboard/lib/compliance.ts":{"path":"/home/runner/work/VoiceAI-Support-Dashboard/VoiceAI-Support-Dashboard/lib/compliance.ts","statementMap":{"0":{"start":{"line":7,"column":20},"end":{"line":7,"column":null}},"1":{"start":{"line":8,"column":20},"end":{"line":8,"column":null}},"2":{"start":{"line":9,"column":26},"end":{"line":9,"column":null}},"3":{"start":{"line":10,"column":18},"end":{"line":10,"column":null}},"4":{"start":{"line":13,"column":19},"end":{"line":13,"column":null}},"5":{"start":{"line":14,"column":13},"end":{"line":14,"column":null}},"6":{"start":{"line":16,"column":2},"end":{"line":19,"column":null}},"7":{"start":{"line":17,"column":4},"end":{"line":17,"column":null}},"8":{"start":{"line":18,"column":4},"end":{"line":18,"column":null}},"9":{"start":{"line":21,"column":2},"end":{"line":24,"column":null}},"10":{"start":{"line":22,"column":4},"end":{"line":22,"column":null}},"11":{"start":{"line":23,"column":4},"end":{"line":23,"column":null}},"12":{"start":{"line":26,"column":2},"end":{"line":29,"column":null}},"13":{"start":{"line":27,"column":4},"end":{"line":27,"column":null}},"14":{"start":{"line":28,"column":4},"end":{"line":28,"column":null}},"15":{"start":{"line":31,"column":2},"end":{"line":34,"column":null}},"16":{"start":{"line":32,"column":4},"end":{"line":32,"column":null}},"17":{"start":{"line":33,"column":4},"end":{"line":33,"column":null}},"18":{"start":{"line":36,"column":2},"end":{"line":39,"column":null}},"19":{"start":{"line":43,"column":2},"end":{"line":43,"column":null}}},"fnMap":{"0":{"name":"redactPiiText","decl":{"start":{"line":12,"column":16},"end":{"line":12,"column":30}},"loc":{"start":{"line":12,"column":62},"end":{"line":40,"column":null}},"line":12},"1":{"name":"(anonymous_1)","decl":{"start":{"line":16,"column":35},"end":{"line":16,"column":41}},"loc":{"start":{"line":16,"column":41},"end":{"line":19,"column":3}},"line":16},"2":{"name":"(anonymous_2)","decl":{"start":{"line":21,"column":35},"end":{"line":21,"column":41}},"loc":{"start":{"line":21,"column":41},"end":{"line":24,"column":3}},"line":21},"3":{"name":"(anonymous_3)","decl":{"start":{"line":26,"column":41},"end":{"line":26,"column":47}},"loc":{"start":{"line":26,"column":47},"end":{"line":29,"column":3}},"line":26},"4":{"name":"(anonymous_4)","decl":{"start":{"line":31,"column":33},"end":{"line":31,"column":39}},"loc":{"start":{"line":31,"column":39},"end":{"line":34,"column":3}},"line":31},"5":{"name":"sanitizeForRetention","decl":{"start":{"line":42,"column":16},"end":{"line":42,"column":37}},"loc":{"start":{"line":42,"column":69},"end":{"line":44,"column":null}},"line":42}},"branchMap":{"0":{"loc":{"start":{"line":42,"column":52},"end":{"line":42,"column":69}},"type":"default-arg","locations":[{"start":{"line":42,"column":63},"end":{"line":42,"column":69}}],"line":42}},"s":{"0":5,"1":5,"2":5,"3":5,"4":7,"5":7,"6":7,"7":3,"8":3,"9":7,"10":3,"11":3,"12":7,"13":1,"14":1,"15":7,"16":1,"17":1,"18":7,"19":3},"f":{"0":7,"1":3,"2":3,"3":1,"4":1,"5":3},"b":{"0":[3]},"meta":{"lastBranch":1,"lastFunction":6,"lastStatement":20,"seen":{"s:7:20:7:Infinity":0,"s:8:20:8:Infinity":1,"s:9:26:9:Infinity":2,"s:10:18:10:Infinity":3,"f:12:16:12:30":0,"s:13:19:13:Infinity":4,"s:14:13:14:Infinity":5,"s:16:2:19:Infinity":6,"f:16:35:16:41":1,"s:17:4:17:Infinity":7,"s:18:4:18:Infinity":8,"s:21:2:24:Infinity":9,"f:21:35:21:41":2,"s:22:4:22:Infinity":10,"s:23:4:23:Infinity":11,"s:26:2:29:Infinity":12,"f:26:41:26:47":3,"s:27:4:27:Infinity":13,"s:28:4:28:Infinity":14,"s:31:2:34:Infinity":15,"f:31:33:31:39":4,"s:32:4:32:Infinity":16,"s:33:4:33:Infinity":17,"s:36:2:39:Infinity":18,"f:42:16:42:37":5,"b:42:63:42:69":0,"s:43:2:43:Infinity":19}}},"/home/runner/work/VoiceAI-Support-Dashboard/VoiceAI-Support-Dashboard/lib/auth.ts":{"path":"/home/runner/work/VoiceAI-Support-Dashboard/VoiceAI-Support-Dashboard/lib/auth.ts","statementMap":{"0":{"start":{"line":14,"column":23},"end":{"line":14,"column":null}},"1":{"start":{"line":16,"column":44},"end":{"line":22,"column":null}},"2":{"start":{"line":29,"column":33},"end":{"line":29,"column":null}},"3":{"start":{"line":33,"column":4},"end":{"line":35,"column":null}},"4":{"start":{"line":36,"column":2},"end":{"line":38,"column":null}},"5":{"start":{"line":37,"column":4},"end":{"line":37,"column":null}},"6":{"start":{"line":40,"column":2},"end":{"line":44,"column":null}},"7":{"start":{"line":48,"column":2},"end":{"line":48,"column":null}},"8":{"start":{"line":52,"column":14},"end":{"line":52,"column":null}},"9":{"start":{"line":53,"column":2},"end":{"line":55,"column":null}},"10":{"start":{"line":54,"column":4},"end":{"line":54,"column":null}},"11":{"start":{"line":56,"column":2},"end":{"line":56,"column":null}},"12":{"start":{"line":60,"column":8},"end":{"line":60,"column":null}},"13":{"start":{"line":61,"column":2},"end":{"line":61,"column":null}},"14":{"start":{"line":62,"column":2},"end":{"line":62,"column":null}},"15":{"start":{"line":66,"column":19},"end":{"line":66,"column":null}},"16":{"start":{"line":67,"column":25},"end":{"line":67,"column":null}},"17":{"start":{"line":68,"column":25},"end":{"line":68,"column":null}},"18":{"start":{"line":70,"column":2},"end":{"line":72,"column":null}},"19":{"start":{"line":71,"column":4},"end":{"line":71,"column":null}},"20":{"start":{"line":74,"column":2},"end":{"line":74,"column":null}},"21":{"start":{"line":78,"column":2},"end":{"line":114,"column":null}},"22":{"start":{"line":79,"column":19},"end":{"line":79,"column":null}},"23":{"start":{"line":80,"column":26},"end":{"line":80,"column":null}},"24":{"start":{"line":81,"column":4},"end":{"line":83,"column":null}},"25":{"start":{"line":82,"column":6},"end":{"line":82,"column":null}},"26":{"start":{"line":84,"column":60},"end":{"line":84,"column":null}},"27":{"start":{"line":85,"column":4},"end":{"line":87,"column":null}},"28":{"start":{"line":86,"column":6},"end":{"line":86,"column":null}},"29":{"start":{"line":89,"column":19},"end":{"line":89,"column":null}},"30":{"start":{"line":90,"column":4},"end":{"line":92,"column":null}},"31":{"start":{"line":91,"column":6},"end":{"line":91,"column":null}},"32":{"start":{"line":93,"column":4},"end":{"line":100,"column":null}},"33":{"start":{"line":94,"column":6},"end":{"line":96,"column":null}},"34":{"start":{"line":95,"column":8},"end":{"line":95,"column":null}},"35":{"start":{"line":97,"column":6},"end":{"line":99,"column":null}},"36":{"start":{"line":98,"column":8},"end":{"line":98,"column":null}},"37":{"start":{"line":102,"column":19},"end":{"line":102,"column":null}},"38":{"start":{"line":103,"column":20},"end":{"line":103,"column":null}},"39":{"start":{"line":104,"column":4},"end":{"line":106,"column":null}},"40":{"start":{"line":105,"column":6},"end":{"line":105,"column":null}},"41":{"start":{"line":108,"column":4},"end":{"line":111,"column":null}},"42":{"start":{"line":113,"column":4},"end":{"line":113,"column":null}},"43":{"start":{"line":118,"column":27},"end":{"line":118,"column":null}},"44":{"start":{"line":119,"column":17},"end":{"line":119,"column":null}},"45":{"start":{"line":120,"column":24},"end":{"line":120,"column":null}},"46":{"start":{"line":121,"column":2},"end":{"line":125,"column":null}},"47":{"start":{"line":122,"column":4},"end":{"line":124,"column":null}},"48":{"start":{"line":126,"column":2},"end":{"line":128,"column":null}},"49":{"start":{"line":127,"column":4},"end":{"line":127,"column":null}},"50":{"start":{"line":130,"column":29},"end":{"line":130,"column":null}},"51":{"start":{"line":131,"column":2},"end":{"line":131,"column":null}},"52":{"start":{"line":135,"column":2},"end":{"line":137,"column":null}},"53":{"start":{"line":136,"column":4},"end":{"line":136,"column":null}},"54":{"start":{"line":139,"column":2},"end":{"line":139,"column":null}},"55":{"start":{"line":143,"column":2},"end":{"line":143,"column":null}},"56":{"start":{"line":147,"column":22},"end":{"line":147,"column":null}},"57":{"start":{"line":148,"column":16},"end":{"line":148,"column":null}},"58":{"start":{"line":149,"column":2},"end":{"line":151,"column":null}},"59":{"start":{"line":150,"column":4},"end":{"line":150,"column":null}},"60":{"start":{"line":153,"column":2},"end":{"line":153,"column":null}},"61":{"start":{"line":157,"column":22},"end":{"line":157,"column":null}},"62":{"start":{"line":158,"column":30},"end":{"line":161,"column":null}},"63":{"start":{"line":163,"column":2},"end":{"line":171,"column":null}},"64":{"start":{"line":173,"column":2},"end":{"line":173,"column":null}},"65":{"start":{"line":177,"column":22},"end":{"line":177,"column":null}},"66":{"start":{"line":178,"column":2},"end":{"line":178,"column":null}},"67":{"start":{"line":182,"column":26},"end":{"line":182,"column":null}},"68":{"start":{"line":183,"column":2},"end":{"line":185,"column":null}},"69":{"start":{"line":184,"column":4},"end":{"line":184,"column":null}},"70":{"start":{"line":187,"column":2},"end":{"line":189,"column":null}},"71":{"start":{"line":188,"column":4},"end":{"line":188,"column":null}},"72":{"start":{"line":191,"column":2},"end":{"line":191,"column":null}}},"fnMap":{"0":{"name":"normalizeSession","decl":{"start":{"line":31,"column":9},"end":{"line":31,"column":26}},"loc":{"start":{"line":31,"column":73},"end":{"line":45,"column":null}},"line":31},"1":{"name":"getSessionSigningSecret","decl":{"start":{"line":47,"column":9},"end":{"line":47,"column":35}},"loc":{"start":{"line":47,"column":35},"end":{"line":49,"column":null}},"line":47},"2":{"name":"requireSignedSessionInProd","decl":{"start":{"line":51,"column":9},"end":{"line":51,"column":38}},"loc":{"start":{"line":51,"column":38},"end":{"line":57,"column":null}},"line":51},"3":{"name":"signPayload","decl":{"start":{"line":59,"column":9},"end":{"line":59,"column":21}},"loc":{"start":{"line":59,"column":63},"end":{"line":63,"column":null}},"line":59},"4":{"name":"verifySignature","decl":{"start":{"line":65,"column":9},"end":{"line":65,"column":25}},"loc":{"start":{"line":65,"column":95},"end":{"line":75,"column":null}},"line":65},"5":{"name":"decodeSession","decl":{"start":{"line":77,"column":9},"end":{"line":77,"column":23}},"loc":{"start":{"line":77,"column":64},"end":{"line":115,"column":null}},"line":77},"6":{"name":"encodeSession","decl":{"start":{"line":117,"column":9},"end":{"line":117,"column":23}},"loc":{"start":{"line":117,"column":45},"end":{"line":132,"column":null}},"line":117},"7":{"name":"parseSessionCookieValue","decl":{"start":{"line":134,"column":16},"end":{"line":134,"column":40}},"loc":{"start":{"line":134,"column":61},"end":{"line":140,"column":null}},"line":134},"8":{"name":"getSessionCookieName","decl":{"start":{"line":142,"column":16},"end":{"line":142,"column":39}},"loc":{"start":{"line":142,"column":39},"end":{"line":144,"column":null}},"line":142},"9":{"name":"getServerSession","decl":{"start":{"line":146,"column":22},"end":{"line":146,"column":41}},"loc":{"start":{"line":146,"column":41},"end":{"line":154,"column":null}},"line":146},"10":{"name":"setServerSession","decl":{"start":{"line":156,"column":22},"end":{"line":156,"column":39}},"loc":{"start":{"line":156,"column":70},"end":{"line":174,"column":null}},"line":156},"11":{"name":"clearServerSession","decl":{"start":{"line":176,"column":22},"end":{"line":176,"column":43}},"loc":{"start":{"line":176,"column":43},"end":{"line":179,"column":null}},"line":176},"12":{"name":"maskEmail","decl":{"start":{"line":181,"column":16},"end":{"line":181,"column":26}},"loc":{"start":{"line":181,"column":41},"end":{"line":192,"column":null}},"line":181}},"branchMap":{"0":{"loc":{"start":{"line":33,"column":4},"end":{"line":35,"column":null}},"type":"cond-expr","locations":[{"start":{"line":34,"column":8},"end":{"line":34,"column":null}},{"start":{"line":35,"column":8},"end":{"line":35,"column":null}}],"line":33},"1":{"loc":{"start":{"line":33,"column":4},"end":{"line":33,"column":null}},"type":"binary-expr","locations":[{"start":{"line":33,"column":4},"end":{"line":33,"column":28}},{"start":{"line":33,"column":28},"end":{"line":33,"column":52}},{"start":{"line":33,"column":52},"end":{"line":33,"column":76}},{"start":{"line":33,"column":76},"end":{"line":33,"column":null}}],"line":33},"2":{"loc":{"start":{"line":36,"column":2},"end":{"line":38,"column":null}},"type":"if","locations":[{"start":{"line":36,"column":2},"end":{"line":38,"column":null}},{"start":{},"end":{}}],"line":36},"3":{"loc":{"start":{"line":36,"column":6},"end":{"line":36,"column":54}},"type":"binary-expr","locations":[{"start":{"line":36,"column":6},"end":{"line":36,"column":21}},{"start":{"line":36,"column":21},"end":{"line":36,"column":41}},{"start":{"line":36,"column":41},"end":{"line":36,"column":54}}],"line":36},"4":{"loc":{"start":{"line":48,"column":9},"end":{"line":48,"column":null}},"type":"binary-expr","locations":[{"start":{"line":48,"column":9},"end":{"line":48,"column":55}},{"start":{"line":48,"column":55},"end":{"line":48,"column":null}}],"line":48},"5":{"loc":{"start":{"line":53,"column":2},"end":{"line":55,"column":null}},"type":"if","locations":[{"start":{"line":53,"column":2},"end":{"line":55,"column":null}},{"start":{},"end":{}}],"line":53},"6":{"loc":{"start":{"line":70,"column":2},"end":{"line":72,"column":null}},"type":"if","locations":[{"start":{"line":70,"column":2},"end":{"line":72,"column":null}},{"start":{},"end":{}}],"line":70},"7":{"loc":{"start":{"line":80,"column":26},"end":{"line":80,"column":null}},"type":"binary-expr","locations":[{"start":{"line":80,"column":26},"end":{"line":80,"column":67}},{"start":{"line":80,"column":67},"end":{"line":80,"column":null}}],"line":80},"8":{"loc":{"start":{"line":81,"column":4},"end":{"line":83,"column":null}},"type":"if","locations":[{"start":{"line":81,"column":4},"end":{"line":83,"column":null}},{"start":{},"end":{}}],"line":81},"9":{"loc":{"start":{"line":81,"column":8},"end":{"line":81,"column":34}},"type":"binary-expr","locations":[{"start":{"line":81,"column":8},"end":{"line":81,"column":25}},{"start":{"line":81,"column":25},"end":{"line":81,"column":34}}],"line":81},"10":{"loc":{"start":{"line":85,"column":4},"end":{"line":87,"column":null}},"type":"if","locations":[{"start":{"line":85,"column":4},"end":{"line":87,"column":null}},{"start":{},"end":{}}],"line":85},"11":{"loc":{"start":{"line":85,"column":8},"end":{"line":85,"column":46}},"type":"binary-expr","locations":[{"start":{"line":85,"column":8},"end":{"line":85,"column":29}},{"start":{"line":85,"column":29},"end":{"line":85,"column":46}}],"line":85},"12":{"loc":{"start":{"line":90,"column":4},"end":{"line":92,"column":null}},"type":"if","locations":[{"start":{"line":90,"column":4},"end":{"line":92,"column":null}},{"start":{},"end":{}}],"line":90},"13":{"loc":{"start":{"line":90,"column":8},"end":{"line":90,"column":34}},"type":"binary-expr","locations":[{"start":{"line":90,"column":8},"end":{"line":90,"column":25}},{"start":{"line":90,"column":25},"end":{"line":90,"column":34}}],"line":90},"14":{"loc":{"start":{"line":93,"column":4},"end":{"line":100,"column":null}},"type":"if","locations":[{"start":{"line":93,"column":4},"end":{"line":100,"column":null}},{"start":{},"end":{}}],"line":93},"15":{"loc":{"start":{"line":94,"column":6},"end":{"line":96,"column":null}},"type":"if","locations":[{"start":{"line":94,"column":6},"end":{"line":96,"column":null}},{"start":{},"end":{}}],"line":94},"16":{"loc":{"start":{"line":94,"column":10},"end":{"line":94,"column":42}},"type":"binary-expr","locations":[{"start":{"line":94,"column":10},"end":{"line":94,"column":21}},{"start":{"line":94,"column":21},"end":{"line":94,"column":42}}],"line":94},"17":{"loc":{"start":{"line":97,"column":6},"end":{"line":99,"column":null}},"type":"if","locations":[{"start":{"line":97,"column":6},"end":{"line":99,"column":null}},{"start":{},"end":{}}],"line":97},"18":{"loc":{"start":{"line":104,"column":4},"end":{"line":106,"column":null}},"type":"if","locations":[{"start":{"line":104,"column":4},"end":{"line":106,"column":null}},{"start":{},"end":{}}],"line":104},"19":{"loc":{"start":{"line":120,"column":24},"end":{"line":120,"column":null}},"type":"binary-expr","locations":[{"start":{"line":120,"column":24},"end":{"line":120,"column":65}},{"start":{"line":120,"column":65},"end":{"line":120,"column":null}}],"line":120},"20":{"loc":{"start":{"line":121,"column":2},"end":{"line":125,"column":null}},"type":"if","locations":[{"start":{"line":121,"column":2},"end":{"line":125,"column":null}},{"start":{},"end":{}}],"line":121},"21":{"loc":{"start":{"line":121,"column":6},"end":{"line":121,"column":32}},"type":"binary-expr","locations":[{"start":{"line":121,"column":6},"end":{"line":121,"column":23}},{"start":{"line":121,"column":23},"end":{"line":121,"column":32}}],"line":121},"22":{"loc":{"start":{"line":126,"column":2},"end":{"line":128,"column":null}},"type":"if","locations":[{"start":{"line":126,"column":2},"end":{"line":128,"column":null}},{"start":{},"end":{}}],"line":126},"23":{"loc":{"start":{"line":135,"column":2},"end":{"line":137,"column":null}},"type":"if","locations":[{"start":{"line":135,"column":2},"end":{"line":137,"column":null}},{"start":{},"end":{}}],"line":135},"24":{"loc":{"start":{"line":149,"column":2},"end":{"line":151,"column":null}},"type":"if","locations":[{"start":{"line":149,"column":2},"end":{"line":151,"column":null}},{"start":{},"end":{}}],"line":149},"25":{"loc":{"start":{"line":153,"column":9},"end":{"line":153,"column":null}},"type":"binary-expr","locations":[{"start":{"line":153,"column":9},"end":{"line":153,"column":42}},{"start":{"line":153,"column":42},"end":{"line":153,"column":null}}],"line":153},"26":{"loc":{"start":{"line":183,"column":2},"end":{"line":185,"column":null}},"type":"if","locations":[{"start":{"line":183,"column":2},"end":{"line":185,"column":null}},{"start":{},"end":{}}],"line":183},"27":{"loc":{"start":{"line":183,"column":6},"end":{"line":183,"column":25}},"type":"binary-expr","locations":[{"start":{"line":183,"column":6},"end":{"line":183,"column":16}},{"start":{"line":183,"column":16},"end":{"line":183,"column":25}}],"line":183},"28":{"loc":{"start":{"line":187,"column":2},"end":{"line":189,"column":null}},"type":"if","locations":[{"start":{"line":187,"column":2},"end":{"line":189,"column":null}},{"start":{},"end":{}}],"line":187},"29":{"loc":{"start":{"line":188,"column":14},"end":{"line":188,"column":29}},"type":"binary-expr","locations":[{"start":{"line":188,"column":14},"end":{"line":188,"column":26}},{"start":{"line":188,"column":26},"end":{"line":188,"column":29}}],"line":188}},"s":{"0":5,"1":5,"2":5,"3":11,"4":11,"5":2,"6":9,"7":23,"8":10,"9":10,"10":4,"11":6,"12":3,"13":3,"14":3,"15":3,"16":3,"17":3,"18":3,"19":0,"20":3,"21":23,"22":23,"23":23,"24":23,"25":6,"26":17,"27":17,"28":1,"29":16,"30":16,"31":2,"32":14,"33":4,"34":1,"35":3,"36":1,"37":12,"38":12,"39":12,"40":2,"41":9,"42":1,"43":0,"44":0,"45":0,"46":0,"47":0,"48":0,"49":0,"50":0,"51":0,"52":31,"53":8,"54":23,"55":1,"56":0,"57":0,"58":0,"59":0,"60":0,"61":0,"62":0,"63":0,"64":0,"65":0,"66":0,"67":6,"68":6,"69":2,"70":4,"71":2,"72":2},"f":{"0":11,"1":23,"2":10,"3":3,"4":3,"5":23,"6":0,"7":31,"8":1,"9":0,"10":0,"11":0,"12":6},"b":{"0":[9,2],"1":[11,10,4,3],"2":[2,9],"3":[11,10,10],"4":[23,17],"5":[4,6],"6":[0,3],"7":[23,10],"8":[6,17],"9":[23,8],"10":[1,16],"11":[17,17],"12":[2,14],"13":[16,2],"14":[4,10],"15":[1,3],"16":[4,3],"17":[1,2],"18":[2,10],"19":[0,0],"20":[0,0],"21":[0,0],"22":[0,0],"23":[8,23],"24":[0,0],"25":[0,0],"26":[2,4],"27":[6,5],"28":[2,2],"29":[2,0]},"meta":{"lastBranch":30,"lastFunction":13,"lastStatement":73,"seen":{"s:14:23:14:Infinity":0,"s:16:44:22:Infinity":1,"s:29:33:29:Infinity":2,"f:31:9:31:26":0,"s:33:4:35:Infinity":3,"b:34:8:34:Infinity:35:8:35:Infinity":0,"b:33:4:33:28:33:28:33:52:33:52:33:76:33:76:33:Infinity":1,"b:36:2:38:Infinity:undefined:undefined:undefined:undefined":2,"s:36:2:38:Infinity":4,"b:36:6:36:21:36:21:36:41:36:41:36:54":3,"s:37:4:37:Infinity":5,"s:40:2:44:Infinity":6,"f:47:9:47:35":1,"s:48:2:48:Infinity":7,"b:48:9:48:55:48:55:48:Infinity":4,"f:51:9:51:38":2,"s:52:14:52:Infinity":8,"b:53:2:55:Infinity:undefined:undefined:undefined:undefined":5,"s:53:2:55:Infinity":9,"s:54:4:54:Infinity":10,"s:56:2:56:Infinity":11,"f:59:9:59:21":3,"s:60:8:60:Infinity":12,"s:61:2:61:Infinity":13,"s:62:2:62:Infinity":14,"f:65:9:65:25":4,"s:66:19:66:Infinity":15,"s:67:25:67:Infinity":16,"s:68:25:68:Infinity":17,"b:70:2:72:Infinity:undefined:undefined:undefined:undefined":6,"s:70:2:72:Infinity":18,"s:71:4:71:Infinity":19,"s:74:2:74:Infinity":20,"f:77:9:77:23":5,"s:78:2:114:Infinity":21,"s:79:19:79:Infinity":22,"s:80:26:80:Infinity":23,"b:80:26:80:67:80:67:80:Infinity":7,"b:81:4:83:Infinity:undefined:undefined:undefined:undefined":8,"s:81:4:83:Infinity":24,"b:81:8:81:25:81:25:81:34":9,"s:82:6:82:Infinity":25,"s:84:60:84:Infinity":26,"b:85:4:87:Infinity:undefined:undefined:undefined:undefined":10,"s:85:4:87:Infinity":27,"b:85:8:85:29:85:29:85:46":11,"s:86:6:86:Infinity":28,"s:89:19:89:Infinity":29,"b:90:4:92:Infinity:undefined:undefined:undefined:undefined":12,"s:90:4:92:Infinity":30,"b:90:8:90:25:90:25:90:34":13,"s:91:6:91:Infinity":31,"b:93:4:100:Infinity:undefined:undefined:undefined:undefined":14,"s:93:4:100:Infinity":32,"b:94:6:96:Infinity:undefined:undefined:undefined:undefined":15,"s:94:6:96:Infinity":33,"b:94:10:94:21:94:21:94:42":16,"s:95:8:95:Infinity":34,"b:97:6:99:Infinity:undefined:undefined:undefined:undefined":17,"s:97:6:99:Infinity":35,"s:98:8:98:Infinity":36,"s:102:19:102:Infinity":37,"s:103:20:103:Infinity":38,"b:104:4:106:Infinity:undefined:undefined:undefined:undefined":18,"s:104:4:106:Infinity":39,"s:105:6:105:Infinity":40,"s:108:4:111:Infinity":41,"s:113:4:113:Infinity":42,"f:117:9:117:23":6,"s:118:27:118:Infinity":43,"s:119:17:119:Infinity":44,"s:120:24:120:Infinity":45,"b:120:24:120:65:120:65:120:Infinity":19,"b:121:2:125:Infinity:undefined:undefined:undefined:undefined":20,"s:121:2:125:Infinity":46,"b:121:6:121:23:121:23:121:32":21,"s:122:4:124:Infinity":47,"b:126:2:128:Infinity:undefined:undefined:undefined:undefined":22,"s:126:2:128:Infinity":48,"s:127:4:127:Infinity":49,"s:130:29:130:Infinity":50,"s:131:2:131:Infinity":51,"f:134:16:134:40":7,"b:135:2:137:Infinity:undefined:undefined:undefined:undefined":23,"s:135:2:137:Infinity":52,"s:136:4:136:Infinity":53,"s:139:2:139:Infinity":54,"f:142:16:142:39":8,"s:143:2:143:Infinity":55,"f:146:22:146:41":9,"s:147:22:147:Infinity":56,"s:148:16:148:Infinity":57,"b:149:2:151:Infinity:undefined:undefined:undefined:undefined":24,"s:149:2:151:Infinity":58,"s:150:4:150:Infinity":59,"s:153:2:153:Infinity":60,"b:153:9:153:42:153:42:153:Infinity":25,"f:156:22:156:39":10,"s:157:22:157:Infinity":61,"s:158:30:161:Infinity":62,"s:163:2:171:Infinity":63,"s:173:2:173:Infinity":64,"f:176:22:176:43":11,"s:177:22:177:Infinity":65,"s:178:2:178:Infinity":66,"f:181:16:181:26":12,"s:182:26:182:Infinity":67,"b:183:2:185:Infinity:undefined:undefined:undefined:undefined":26,"s:183:2:185:Infinity":68,"b:183:6:183:16:183:16:183:25":27,"s:184:4:184:Infinity":69,"b:187:2:189:Infinity:undefined:undefined:undefined:undefined":28,"s:187:2:189:Infinity":70,"s:188:4:188:Infinity":71,"b:188:14:188:26:188:26:188:29":29,"s:191:2:191:Infinity":72}}},"/home/runner/work/VoiceAI-Support-Dashboard/VoiceAI-Support-Dashboard/lib/config.ts":{"path":"/home/runner/work/VoiceAI-Support-Dashboard/VoiceAI-Support-Dashboard/lib/config.ts","statementMap":{"0":{"start":{"line":42,"column":35},"end":{"line":42,"column":null}},"1":{"start":{"line":43,"column":41},"end":{"line":43,"column":null}},"2":{"start":{"line":44,"column":32},"end":{"line":44,"column":null}},"3":{"start":{"line":45,"column":36},"end":{"line":45,"column":null}},"4":{"start":{"line":46,"column":31},"end":{"line":46,"column":null}},"5":{"start":{"line":47,"column":37},"end":{"line":47,"column":null}},"6":{"start":{"line":48,"column":39},"end":{"line":48,"column":null}},"7":{"start":{"line":49,"column":40},"end":{"line":49,"column":null}},"8":{"start":{"line":50,"column":35},"end":{"line":50,"column":null}},"9":{"start":{"line":51,"column":34},"end":{"line":51,"column":null}},"10":{"start":{"line":52,"column":49},"end":{"line":52,"column":null}},"11":{"start":{"line":53,"column":43},"end":{"line":53,"column":null}},"12":{"start":{"line":61,"column":2},"end":{"line":63,"column":null}},"13":{"start":{"line":62,"column":4},"end":{"line":62,"column":null}},"14":{"start":{"line":65,"column":17},"end":{"line":65,"column":null}},"15":{"start":{"line":66,"column":2},"end":{"line":68,"column":null}},"16":{"start":{"line":67,"column":4},"end":{"line":67,"column":null}},"17":{"start":{"line":70,"column":2},"end":{"line":70,"column":null}},"18":{"start":{"line":74,"column":2},"end":{"line":74,"column":null}},"19":{"start":{"line":78,"column":2},"end":{"line":80,"column":null}},"20":{"start":{"line":79,"column":4},"end":{"line":79,"column":null}},"21":{"start":{"line":82,"column":2},"end":{"line":82,"column":null}},"22":{"start":{"line":86,"column":2},"end":{"line":88,"column":null}},"23":{"start":{"line":87,"column":4},"end":{"line":87,"column":null}},"24":{"start":{"line":90,"column":2},"end":{"line":90,"column":null}},"25":{"start":{"line":94,"column":2},"end":{"line":94,"column":null}},"26":{"start":{"line":98,"column":2},"end":{"line":98,"column":null}},"27":{"start":{"line":102,"column":2},"end":{"line":104,"column":null}},"28":{"start":{"line":103,"column":4},"end":{"line":103,"column":null}},"29":{"start":{"line":105,"column":2},"end":{"line":108,"column":null}},"30":{"start":{"line":107,"column":20},"end":{"line":107,"column":32}},"31":{"start":{"line":112,"column":2},"end":{"line":205,"column":null}}},"fnMap":{"0":{"name":"parsePositiveInt","decl":{"start":{"line":55,"column":9},"end":{"line":55,"column":null}},"loc":{"start":{"line":60,"column":2},"end":{"line":71,"column":null}},"line":60},"1":{"name":"parseHistoryMode","decl":{"start":{"line":73,"column":9},"end":{"line":73,"column":26}},"loc":{"start":{"line":73,"column":66},"end":{"line":75,"column":null}},"line":73},"2":{"name":"parseBoolean","decl":{"start":{"line":77,"column":9},"end":{"line":77,"column":22}},"loc":{"start":{"line":77,"column":67},"end":{"line":83,"column":null}},"line":77},"3":{"name":"parseVerifierPolicy","decl":{"start":{"line":85,"column":9},"end":{"line":85,"column":29}},"loc":{"start":{"line":85,"column":72},"end":{"line":91,"column":null}},"line":85},"4":{"name":"parseIntegrationsMode","decl":{"start":{"line":93,"column":9},"end":{"line":93,"column":31}},"loc":{"start":{"line":93,"column":76},"end":{"line":95,"column":null}},"line":93},"5":{"name":"parseRuntimeStateMode","decl":{"start":{"line":97,"column":9},"end":{"line":97,"column":31}},"loc":{"start":{"line":97,"column":76},"end":{"line":99,"column":null}},"line":97},"6":{"name":"parseCsv","decl":{"start":{"line":101,"column":9},"end":{"line":101,"column":18}},"loc":{"start":{"line":101,"column":45},"end":{"line":109,"column":null}},"line":101},"7":{"name":"(anonymous_7)","decl":{"start":{"line":107,"column":9},"end":{"line":107,"column":10}},"loc":{"start":{"line":107,"column":20},"end":{"line":107,"column":32}},"line":107},"8":{"name":"getAppConfig","decl":{"start":{"line":111,"column":16},"end":{"line":111,"column":42}},"loc":{"start":{"line":111,"column":42},"end":{"line":206,"column":null}},"line":111}},"branchMap":{"0":{"loc":{"start":{"line":61,"column":2},"end":{"line":63,"column":null}},"type":"if","locations":[{"start":{"line":61,"column":2},"end":{"line":63,"column":null}},{"start":{},"end":{}}],"line":61},"1":{"loc":{"start":{"line":66,"column":2},"end":{"line":68,"column":null}},"type":"if","locations":[{"start":{"line":66,"column":2},"end":{"line":68,"column":null}},{"start":{},"end":{}}],"line":66},"2":{"loc":{"start":{"line":74,"column":9},"end":{"line":74,"column":null}},"type":"cond-expr","locations":[{"start":{"line":74,"column":26},"end":{"line":74,"column":33}},{"start":{"line":74,"column":33},"end":{"line":74,"column":null}}],"line":74},"3":{"loc":{"start":{"line":77,"column":49},"end":{"line":77,"column":67}},"type":"default-arg","locations":[{"start":{"line":77,"column":60},"end":{"line":77,"column":67}}],"line":77},"4":{"loc":{"start":{"line":78,"column":2},"end":{"line":80,"column":null}},"type":"if","locations":[{"start":{"line":78,"column":2},"end":{"line":80,"column":null}},{"start":{},"end":{}}],"line":78},"5":{"loc":{"start":{"line":86,"column":2},"end":{"line":88,"column":null}},"type":"if","locations":[{"start":{"line":86,"column":2},"end":{"line":88,"column":null}},{"start":{},"end":{}}],"line":86},"6":{"loc":{"start":{"line":86,"column":6},"end":{"line":86,"column":68}},"type":"binary-expr","locations":[{"start":{"line":86,"column":6},"end":{"line":86,"column":28}},{"start":{"line":86,"column":28},"end":{"line":86,"column":50}},{"start":{"line":86,"column":50},"end":{"line":86,"column":68}}],"line":86},"7":{"loc":{"start":{"line":94,"column":9},"end":{"line":94,"column":null}},"type":"cond-expr","locations":[{"start":{"line":94,"column":28},"end":{"line":94,"column":37}},{"start":{"line":94,"column":37},"end":{"line":94,"column":null}}],"line":94},"8":{"loc":{"start":{"line":98,"column":9},"end":{"line":98,"column":null}},"type":"cond-expr","locations":[{"start":{"line":98,"column":29},"end":{"line":98,"column":39}},{"start":{"line":98,"column":39},"end":{"line":98,"column":null}}],"line":98},"9":{"loc":{"start":{"line":102,"column":2},"end":{"line":104,"column":null}},"type":"if","locations":[{"start":{"line":102,"column":2},"end":{"line":104,"column":null}},{"start":{},"end":{}}],"line":102},"10":{"loc":{"start":{"line":136,"column":19},"end":{"line":136,"column":null}},"type":"binary-expr","locations":[{"start":{"line":136,"column":19},"end":{"line":136,"column":57}},{"start":{"line":136,"column":57},"end":{"line":136,"column":null}}],"line":136},"11":{"loc":{"start":{"line":183,"column":26},"end":{"line":183,"column":null}},"type":"binary-expr","locations":[{"start":{"line":183,"column":26},"end":{"line":183,"column":72}},{"start":{"line":183,"column":72},"end":{"line":183,"column":null}}],"line":183},"12":{"loc":{"start":{"line":202,"column":21},"end":{"line":202,"column":null}},"type":"binary-expr","locations":[{"start":{"line":202,"column":21},"end":{"line":202,"column":62}},{"start":{"line":202,"column":62},"end":{"line":202,"column":null}}],"line":202},"13":{"loc":{"start":{"line":203,"column":24},"end":{"line":203,"column":null}},"type":"binary-expr","locations":[{"start":{"line":203,"column":24},"end":{"line":203,"column":68}},{"start":{"line":203,"column":68},"end":{"line":203,"column":null}}],"line":203}},"s":{"0":8,"1":8,"2":8,"3":8,"4":8,"5":8,"6":8,"7":8,"8":8,"9":8,"10":8,"11":8,"12":480,"13":460,"14":20,"15":20,"16":0,"17":20,"18":48,"19":384,"20":379,"21":5,"22":48,"23":1,"24":47,"25":48,"26":48,"27":48,"28":48,"29":0,"30":0,"31":48},"f":{"0":480,"1":48,"2":384,"3":48,"4":48,"5":48,"6":48,"7":0,"8":48},"b":{"0":[460,20],"1":[0,20],"2":[0,48],"3":[384],"4":[379,5],"5":[1,47],"6":[48,47,47],"7":[0,48],"8":[0,48],"9":[48,0],"10":[48,48],"11":[48,48],"12":[48,48],"13":[48,48]},"meta":{"lastBranch":14,"lastFunction":9,"lastStatement":32,"seen":{"s:42:35:42:Infinity":0,"s:43:41:43:Infinity":1,"s:44:32:44:Infinity":2,"s:45:36:45:Infinity":3,"s:46:31:46:Infinity":4,"s:47:37:47:Infinity":5,"s:48:39:48:Infinity":6,"s:49:40:49:Infinity":7,"s:50:35:50:Infinity":8,"s:51:34:51:Infinity":9,"s:52:49:52:Infinity":10,"s:53:43:53:Infinity":11,"f:55:9:55:Infinity":0,"b:61:2:63:Infinity:undefined:undefined:undefined:undefined":0,"s:61:2:63:Infinity":12,"s:62:4:62:Infinity":13,"s:65:17:65:Infinity":14,"b:66:2:68:Infinity:undefined:undefined:undefined:undefined":1,"s:66:2:68:Infinity":15,"s:67:4:67:Infinity":16,"s:70:2:70:Infinity":17,"f:73:9:73:26":1,"s:74:2:74:Infinity":18,"b:74:26:74:33:74:33:74:Infinity":2,"f:77:9:77:22":2,"b:77:60:77:67":3,"b:78:2:80:Infinity:undefined:undefined:undefined:undefined":4,"s:78:2:80:Infinity":19,"s:79:4:79:Infinity":20,"s:82:2:82:Infinity":21,"f:85:9:85:29":3,"b:86:2:88:Infinity:undefined:undefined:undefined:undefined":5,"s:86:2:88:Infinity":22,"b:86:6:86:28:86:28:86:50:86:50:86:68":6,"s:87:4:87:Infinity":23,"s:90:2:90:Infinity":24,"f:93:9:93:31":4,"s:94:2:94:Infinity":25,"b:94:28:94:37:94:37:94:Infinity":7,"f:97:9:97:31":5,"s:98:2:98:Infinity":26,"b:98:29:98:39:98:39:98:Infinity":8,"f:101:9:101:18":6,"b:102:2:104:Infinity:undefined:undefined:undefined:undefined":9,"s:102:2:104:Infinity":27,"s:103:4:103:Infinity":28,"s:105:2:108:Infinity":29,"f:107:9:107:10":7,"s:107:20:107:32":30,"f:111:16:111:42":8,"s:112:2:205:Infinity":31,"b:136:19:136:57:136:57:136:Infinity":10,"b:183:26:183:72:183:72:183:Infinity":11,"b:202:21:202:62:202:62:202:Infinity":12,"b:203:24:203:68:203:68:203:Infinity":13}}},"/home/runner/work/VoiceAI-Support-Dashboard/VoiceAI-Support-Dashboard/lib/guardian.ts":{"path":"/home/runner/work/VoiceAI-Support-Dashboard/VoiceAI-Support-Dashboard/lib/guardian.ts","statementMap":{"0":{"start":{"line":22,"column":35},"end":{"line":22,"column":null}},"1":{"start":{"line":23,"column":33},"end":{"line":23,"column":null}},"2":{"start":{"line":24,"column":37},"end":{"line":37,"column":null}},"3":{"start":{"line":40,"column":2},"end":{"line":40,"column":null}},"4":{"start":{"line":40,"column":62},"end":{"line":40,"column":77}},"5":{"start":{"line":44,"column":8},"end":{"line":44,"column":null}},"6":{"start":{"line":45,"column":8},"end":{"line":45,"column":null}},"7":{"start":{"line":46,"column":8},"end":{"line":46,"column":null}},"8":{"start":{"line":48,"column":28},"end":{"line":48,"column":null}},"9":{"start":{"line":49,"column":32},"end":{"line":49,"column":null}},"10":{"start":{"line":51,"column":14},"end":{"line":51,"column":null}},"11":{"start":{"line":53,"column":2},"end":{"line":56,"column":null}},"12":{"start":{"line":54,"column":4},"end":{"line":54,"column":null}},"13":{"start":{"line":55,"column":4},"end":{"line":55,"column":null}},"14":{"start":{"line":58,"column":2},"end":{"line":64,"column":null}},"15":{"start":{"line":59,"column":4},"end":{"line":59,"column":null}},"16":{"start":{"line":60,"column":4},"end":{"line":60,"column":null}},"17":{"start":{"line":61,"column":2},"end":{"line":64,"column":null}},"18":{"start":{"line":62,"column":4},"end":{"line":62,"column":null}},"19":{"start":{"line":63,"column":4},"end":{"line":63,"column":null}},"20":{"start":{"line":66,"column":2},"end":{"line":69,"column":null}},"21":{"start":{"line":67,"column":4},"end":{"line"
[...]
":{"line":181,"column":2},"end":{"line":185,"column":null}},"83":{"start":{"line":182,"column":4},"end":{"line":182,"column":null}},"84":{"start":{"line":183,"column":4},"end":{"line":183,"column":null}},"85":{"start":{"line":184,"column":4},"end":{"line":184,"column":null}},"86":{"start":{"line":187,"column":2},"end":{"line":190,"column":null}},"87":{"start":{"line":188,"column":4},"end":{"line":188,"column":null}},"88":{"start":{"line":189,"column":4},"end":{"line":189,"column":null}},"89":{"start":{"line":192,"column":2},"end":{"line":195,"column":null}},"90":{"start":{"line":193,"column":4},"end":{"line":193,"column":null}},"91":{"start":{"line":194,"column":4},"end":{"line":194,"column":null}},"92":{"start":{"line":197,"column":2},"end":{"line":228,"column":null}},"93":{"start":{"line":198,"column":4},"end":{"line":202,"column":null}},"94":{"start":{"line":199,"column":6},"end":{"line":201,"column":null}},"95":{"start":{"line":204,"column":4},"end":{"line":209,"column":null}},"96":{"start":{"line":205,"column":6},"end":{"line":205,"column":null}},"97":{"start":{"line":205,"column":43},"end":{"line":205,"column":86}},"98":{"start":{"line":206,"column":6},"end":{"line":208,"column":null}},"99":{"start":{"line":207,"column":8},"end":{"line":207,"column":null}},"100":{"start":{"line":210,"column":4},"end":{"line":218,"column":null}},"101":{"start":{"line":211,"column":6},"end":{"line":217,"column":null}},"102":{"start":{"line":212,"column":27},"end":{"line":212,"column":null}},"103":{"start":{"line":213,"column":8},"end":{"line":215,"column":null}},"104":{"start":{"line":214,"column":10},"end":{"line":214,"column":null}},"105":{"start":{"line":216,"column":8},"end":{"line":216,"column":null}},"106":{"start":{"line":220,"column":4},"end":{"line":222,"column":null}},"107":{"start":{"line":221,"column":6},"end":{"line":221,"column":null}},"108":{"start":{"line":223,"column":4},"end":{"line":225,"column":null}},"109":{"start":{"line":224,"column":6},"end":{"line":224,"column":null}},"110":{"start":{"line":227,"column":4},"end":{"line":227,"column":null}},"111":{"start":{"line":230,"column":13},"end":{"line":230,"column":null}},"112":{"start":{"line":232,"column":2},"end":{"line":244,"column":null}}},"fnMap":{"0":{"name":"tokenize","decl":{"start":{"line":21,"column":9},"end":{"line":21,"column":18}},"loc":{"start":{"line":21,"column":32},"end":{"line":28,"column":null}},"line":21},"1":{"name":"(anonymous_1)","decl":{"start":{"line":26,"column":9},"end":{"line":26,"column":10}},"loc":{"start":{"line":26,"column":20},"end":{"line":26,"column":32}},"line":26},"2":{"name":"(anonymous_2)","decl":{"start":{"line":27,"column":12},"end":{"line":27,"column":13}},"loc":{"start":{"line":27,"column":23},"end":{"line":27,"column":39}},"line":27},"3":{"name":"tokenWindows","decl":{"start":{"line":30,"column":9},"end":{"line":30,"column":22}},"loc":{"start":{"line":30,"column":50},"end":{"line":46,"column":null}},"line":30},"4":{"name":"extractEntityTokens","decl":{"start":{"line":71,"column":9},"end":{"line":71,"column":29}},"loc":{"start":{"line":71,"column":43},"end":{"line":74,"column":null}},"line":71},"5":{"name":"(anonymous_5)","decl":{"start":{"line":73,"column":22},"end":{"line":73,"column":23}},"loc":{"start":{"line":73,"column":34},"end":{"line":73,"column":54}},"line":73},"6":{"name":"sentenceList","decl":{"start":{"line":76,"column":9},"end":{"line":76,"column":22}},"loc":{"start":{"line":76,"column":36},"end":{"line":81,"column":null}},"line":76},"7":{"name":"(anonymous_7)","decl":{"start":{"line":79,"column":9},"end":{"line":79,"column":10}},"loc":{"start":{"line":79,"column":19},"end":{"line":79,"column":30}},"line":79},"8":{"name":"overlapRatio","decl":{"start":{"line":83,"column":9},"end":{"line":83,"column":22}},"loc":{"start":{"line":83,"column":63},"end":{"line":91,"column":null}},"line":83},"9":{"name":"(anonymous_9)","decl":{"start":{"line":89,"column":29},"end":{"line":89,"column":30}},"loc":{"start":{"line":89,"column":40},"end":{"line":89,"column":63}},"line":89},"10":{"name":"runGroundingVerifier","decl":{"start":{"line":93,"column":16},"end":{"line":93,"column":37}},"loc":{"start":{"line":93,"column":75},"end":{"line":245,"column":null}},"line":93},"11":{"name":"(anonymous_11)","decl":{"start":{"line":102,"column":36},"end":{"line":102,"column":37}},"loc":{"start":{"line":102,"column":46},"end":{"line":102,"column":57}},"line":102},"12":{"name":"(anonymous_12)","decl":{"start":{"line":117,"column":4},"end":{"line":117,"column":5}},"loc":{"start":{"line":117,"column":18},"end":{"line":117,"column":null}},"line":117},"13":{"name":"(anonymous_13)","decl":{"start":{"line":124,"column":42},"end":{"line":124,"column":43}},"loc":{"start":{"line":124,"column":52},"end":{"line":124,"column":94}},"line":124},"14":{"name":"(anonymous_14)","decl":{"start":{"line":130,"column":41},"end":{"line":130,"column":42}},"loc":{"start":{"line":130,"column":51},"end":{"line":139,"column":3}},"line":130},"15":{"name":"(anonymous_15)","decl":{"start":{"line":148,"column":9},"end":{"line":148,"column":10}},"loc":{"start":{"line":148,"column":19},"end":{"line":148,"column":30}},"line":148},"16":{"name":"(anonymous_16)","decl":{"start":{"line":150,"column":44},"end":{"line":150,"column":45}},"loc":{"start":{"line":150,"column":54},"end":{"line":167,"column":3}},"line":150},"17":{"name":"(anonymous_17)","decl":{"start":{"line":179,"column":4},"end":{"line":179,"column":5}},"loc":{"start":{"line":179,"column":16},"end":{"line":179,"column":null}},"line":179},"18":{"name":"(anonymous_18)","decl":{"start":{"line":205,"column":33},"end":{"line":205,"column":34}},"loc":{"start":{"line":205,"column":43},"end":{"line":205,"column":86}},"line":205},"19":{"name":"(anonymous_19)","decl":{"start":{"line":211,"column":30},"end":{"line":211,"column":31}},"loc":{"start":{"line":211,"column":40},"end":{"line":217,"column":7}},"line":211}},"branchMap":{"0":{"loc":{"start":{"line":30,"column":40},"end":{"line":30,"column":50}},"type":"default-arg","locations":[{"start":{"line":30,"column":47},"end":{"line":30,"column":50}}],"line":30},"1":{"loc":{"start":{"line":32,"column":2},"end":{"line":34,"column":null}},"type":"if","locations":[{"start":{"line":32,"column":2},"end":{"line":34,"column":null}},{"start":{},"end":{}}],"line":32},"2":{"loc":{"start":{"line":36,"column":2},"end":{"line":39,"column":null}},"type":"if","locations":[{"start":{"line":36,"column":2},"end":{"line":39,"column":null}},{"start":{},"end":{}}],"line":36},"3":{"loc":{"start":{"line":72,"column":19},"end":{"line":72,"column":null}},"type":"binary-expr","locations":[{"start":{"line":72,"column":19},"end":{"line":72,"column":72}},{"start":{"line":72,"column":72},"end":{"line":72,"column":null}}],"line":72},"4":{"loc":{"start":{"line":85,"column":2},"end":{"line":87,"column":null}},"type":"if","locations":[{"start":{"line":85,"column":2},"end":{"line":87,"column":null}},{"start":{},"end":{}}],"line":85},"5":{"loc":{"start":{"line":105,"column":2},"end":{"line":108,"column":null}},"type":"if","locations":[{"start":{"line":105,"column":2},"end":{"line":108,"column":null}},{"start":{},"end":{}}],"line":105},"6":{"loc":{"start":{"line":110,"column":2},"end":{"line":113,"column":null}},"type":"if","locations":[{"start":{"line":110,"column":2},"end":{"line":113,"column":null}},{"start":{},"end":{}}],"line":110},"7":{"loc":{"start":{"line":110,"column":6},"end":{"line":110,"column":106}},"type":"binary-expr","locations":[{"start":{"line":110,"column":6},"end":{"line":110,"column":26}},{"start":{"line":110,"column":26},"end":{"line":110,"column":106}}],"line":110},"8":{"loc":{"start":{"line":119,"column":2},"end":{"line":122,"column":null}},"type":"if","locations":[{"start":{"line":119,"column":2},"end":{"line":122,"column":null}},{"start":{},"end":{}}],"line":119},"9":{"loc":{"start":{"line":125,"column":2},"end":{"line":128,"column":null}},"type":"if","locations":[{"start":{"line":125,"column":2},"end":{"line":128,"column":null}},{"start":{},"end":{}}],"line":125},"10":{"loc":{"start":{"line":132,"column":4},"end":{"line":134,"column":null}},"type":"if","locations":[{"start":{"line":132,"column":4},"end":{"line":134,"column":null}},{"start":{},"end":{}}],"line":132},"11":{"loc":{"start":{"line":135,"column":4},"end":{"line":137,"column":null}},"type":"if","locations":[{"start":{"line":135,"column":4},"end":{"line":137,"column":null}},{"start":{},"end":{}}],"line":135},"12":{"loc":{"start":{"line":140,"column":2},"end":{"line":143,"column":null}},"type":"if","locations":[{"start":{"line":140,"column":2},"end":{"line":143,"column":null}},{"start":{},"end":{}}],"line":140},"13":{"loc":{"start":{"line":152,"column":4},"end":{"line":154,"column":null}},"type":"if","locations":[{"start":{"line":152,"column":4},"end":{"line":154,"column":null}},{"start":{},"end":{}}],"line":152},"14":{"loc":{"start":{"line":156,"column":4},"end":{"line":158,"column":null}},"type":"if","locations":[{"start":{"line":156,"column":4},"end":{"line":158,"column":null}},{"start":{},"end":{}}],"line":156},"15":{"loc":{"start":{"line":162,"column":6},"end":{"line":164,"column":null}},"type":"if","locations":[{"start":{"line":162,"column":6},"end":{"line":164,"column":null}},{"start":{},"end":{}}],"line":162},"16":{"loc":{"start":{"line":168,"column":2},"end":{"line":171,"column":null}},"type":"if","locations":[{"start":{"line":168,"column":2},"end":{"line":171,"column":null}},{"start":{},"end":{}}],"line":168},"17":{"loc":{"start":{"line":181,"column":2},"end":{"line":185,"column":null}},"type":"if","locations":[{"start":{"line":181,"column":2},"end":{"line":185,"column":null}},{"start":{},"end":{}}],"line":181},"18":{"loc":{"start":{"line":187,"column":2},"end":{"line":190,"column":null}},"type":"if","locations":[{"start":{"line":187,"column":2},"end":{"line":190,"column":null}},{"start":{},"end":{}}],"line":187},"19":{"loc":{"start":{"line":192,"column":2},"end":{"line":195,"column":null}},"type":"if","locations":[{"start":{"line":192,"column":2},"end":{"line":195,"column":null}},{"start":{},"end":{}}],"line":192},"20":{"loc":{"start":{"line":197,"column":2},"end":{"line":228,"column":null}},"type":"if","locations":[{"start":{"line":197,"column":2},"end":{"line":228,"column":null}},{"start":{},"end":{}}],"line":197},"21":{"loc":{"start":{"line":197,"column":6},"end":{"line":197,"column":53}},"type":"binary-expr","locations":[{"start":{"line":197,"column":6},"end":{"line":197,"column":35}},{"start":{"line":197,"column":35},"end":{"line":197,"column":53}}],"line":197},"22":{"loc":{"start":{"line":198,"column":4},"end":{"line":202,"column":null}},"type":"if","locations":[{"start":{"line":198,"column":4},"end":{"line":202,"column":null}},{"start":{},"end":{}}],"line":198},"23":{"loc":{"start":{"line":198,"column":8},"end":{"line":198,"column":59}},"type":"binary-expr","locations":[{"start":{"line":198,"column":8},"end":{"line":198,"column":20}},{"start":{"line":198,"column":20},"end":{"line":198,"column":59}}],"line":198},"24":{"loc":{"start":{"line":200,"column":8},"end":{"line":201,"column":null}},"type":"binary-expr","locations":[{"start":{"line":200,"column":8},"end":{"line":200,"column":null}},{"start":{"line":201,"column":8},"end":{"line":201,"column":null}}],"line":200},"25":{"loc":{"start":{"line":204,"column":4},"end":{"line":209,"column":null}},"type":"if","locations":[{"start":{"line":204,"column":4},"end":{"line":209,"column":null}},{"start":{},"end":{}}],"line":204},"26":{"loc":{"start":{"line":206,"column":6},"end":{"line":208,"column":null}},"type":"if","locations":[{"start":{"line":206,"column":6},"end":{"line":208,"column":null}},{"start":{},"end":{}}],"line":206},"27":{"loc":{"start":{"line":206,"column":10},"end":{"line":206,"column":110}},"type":"binary-expr","locations":[{"start":{"line":206,"column":10},"end":{"line":206,"column":30}},{"start":{"line":206,"column":30},"end":{"line":206,"column":110}}],"line":206},"28":{"loc":{"start":{"line":210,"column":4},"end":{"line":218,"column":null}},"type":"if","locations":[{"start":{"line":210,"column":4},"end":{"line":218,"column":null}},{"start":{},"end":{}}],"line":210},"29":{"loc":{"start":{"line":213,"column":8},"end":{"line":215,"column":null}},"type":"if","locations":[{"start":{"line":213,"column":8},"end":{"line":215,"column":null}},{"start":{},"end":{}}],"line":213},"30":{"loc":{"start":{"line":213,"column":12},"end":{"line":213,"column":56}},"type":"binary-expr","locations":[{"start":{"line":213,"column":12},"end":{"line":213,"column":26}},{"start":{"line":213,"column":26},"end":{"line":213,"column":56}}],"line":213},"31":{"loc":{"start":{"line":220,"column":4},"end":{"line":222,"column":null}},"type":"if","locations":[{"start":{"line":220,"column":4},"end":{"line":222,"column":null}},{"start":{},"end":{}}],"line":220},"32":{"loc":{"start":{"line":223,"column":4},"end":{"line":225,"column":null}},"type":"if","locations":[{"start":{"line":223,"column":4},"end":{"line":225,"column":null}},{"start":{},"end":{}}],"line":223},"33":{"loc":{"start":{"line":230,"column":13},"end":{"line":230,"column":null}},"type":"binary-expr","locations":[{"start":{"line":230,"column":13},"end":{"line":230,"column":28}},{"start":{"line":230,"column":28},"end":{"line":230,"column":null}}],"line":230}},"s":{"0":146,"1":953,"2":953,"3":63,"4":63,"5":1,"6":62,"7":26,"8":26,"9":36,"10":36,"11":175,"12":36,"13":5,"14":64,"15":64,"16":125,"17":19,"18":20,"19":36,"20":36,"21":0,"22":36,"23":206,"24":36,"25":16,"26":16,"27":16,"28":16,"29":16,"30":16,"31":16,"32":16,"33":19,"34":16,"35":16,"36":2,"37":2,"38":16,"39":0,"40":0,"41":16,"42":16,"43":14,"44":16,"45":11,"46":11,"47":16,"48":19,"49":16,"50":10,"51":10,"52":16,"53":19,"54":19,"55":0,"56":19,"57":9,"58":10,"59":16,"60":8,"61":8,"62":16,"63":75,"64":16,"65":73,"66":73,"67":26,"68":47,"69":47,"70":0,"71":47,"72":47,"73":119,"74":20,"75":47,"76":16,"77":15,"78":15,"79":16,"80":16,"81":79,"82":16,"83":16,"84":16,"85":16,"86":16,"87":4,"88":4,"89":16,"90":4,"91":4,"92":16,"93":3,"94":3,"95":3,"96":2,"97":3,"98":2,"99":2,"100":3,"101":2,"102":2,"103":2,"104":1,"105":1,"106":3,"107":2,"108":3,"109":2,"110":3,"111":16,"112":16},"f":{"0":146,"1":953,"2":953,"3":63,"4":64,"5":125,"6":19,"7":20,"8":36,"9":206,"10":16,"11":19,"12":14,"13":19,"14":19,"15":75,"16":73,"17":79,"18":3,"19":2},"b":{"0":[63],"1":[1,62],"2":[26,36],"3":[64,5],"4":[0,36],"5":[2,14],"6":[0,16],"7":[16,0],"8":[11,5],"9":[10,6],"10":[0,19],"11":[9,10],"12":[8,8],"13":[26,47],"14":[0,47],"15":[20,99],"16":[15,1],"17":[16,0],"18":[4,12],"19":[4,12],"20":[3,13],"21":[16,3],"22":[3,0],"23":[3,3],"24":[3,0],"25":[2,1],"26":[2,0],"27":[2,2],"28":[2,1],"29":[1,1],"30":[2,2],"31":[2,1],"32":[2,1],"33":[16,4]},"meta":{"lastBranch":34,"lastFunction":20,"lastStatement":113,"seen":{"f:21:9:21:18":0,"s:22:2:27:Infinity":0,"f:26:9:26:10":1,"s:26:20:26:32":1,"f:27:12:27:13":2,"s:27:23:27:39":2,"f:30:9:30:22":3,"b:30:47:30:50":0,"s:31:18:31:Infinity":3,"b:32:2:34:Infinity:undefined:undefined:undefined:undefined":1,"s:32:2:34:Infinity":4,"s:33:4:33:Infinity":5,"b:36:2:39:Infinity:undefined:undefined:undefined:undefined":2,"s:36:2:39:Infinity":6,"s:37:4:37:Infinity":7,"s:38:4:38:Infinity":8,"s:41:2:43:Infinity":9,"s:41:19:41:22":10,"s:42:4:42:Infinity":11,"s:45:2:45:Infinity":12,"s:48:21:69:Infinity":13,"f:71:9:71:29":4,"s:72:19:72:Infinity":14,"b:72:19:72:72:72:72:72:Infinity":3,"s:73:2:73:Infinity":15,"f:73:22:73:23":5,"s:73:34:73:54":16,"f:76:9:76:22":6,"s:77:2:80:Infinity":17,"f:79:9:79:10":7,"s:79:19:79:30":18,"f:83:9:83:22":8,"s:84:17:84:Infinity":19,"b:85:2:87:Infinity:undefined:undefined:undefined:undefined":4,"s:85:2:87:Infinity":20,"s:86:4:86:Infinity":21,"s:89:15:89:Infinity":22,"f:89:29:89:30":9,"s:89:40:89:63":23,"s:90:2:90:Infinity":24,"f:93:16:93:37":10,"s:94:30:94:Infinity":25,"s:95:27:95:Infinity":26,"s:96:28:96:Infinity":27,"s:97:33:97:Infinity":28,"s:98:26:98:Infinity":29,"s:100:14:100:Infinity":30,"s:101:16:101:Infinity":31,"s:102:17:102:Infinity":32,"f:102:36:102:37":11,"s:102:46:102:57":33,"s:103:19:103:Infinity":34,"b:105:2:108:Infinity:undefined:undefined:undefined:undefined":5,"s:105:2:108:Infinity":35,"s:106:4:106:Infinity":36,"s:107:4:107:Infinity":37,"b:110:2:113:Infinity:undefined:undefined:undefined:undefined":6,"s:110:2:113:Infinity":38,"b:110:6:110:26:110:26:110:106":7,"s:111:4:111:Infinity":39,"s:112:4:112:Infinity":40,"s:115:27:115:Infinity":41,"s:116:37:118:Infinity":42,"f:117:4:117:5":12,"s:117:18:117:Infinity":43,"b:119:2:122:Infinity:undefined:undefined:undefined:undefined":8,"s:119:2:122:Infinity":44,"s:120:4:120:Infinity":45,"s:121:4:121:Infinity":46,"s:124:26:124:Infinity":47,"f:124:42:124:43":13,"s:124:52:124:94":48,"b:125:2:128:Infinity:undefined:undefined:undefined:undefined":9,"s:125:2:128:Infinity":49,"s:126:4:126:Infinity":50,"s:127:4:127:Infinity":51,"s:130:25:139:Infinity":52,"f:130:41:130:42":14,"s:131:23:131:Infinity":53,"b:132:4:134:Infinity:undefined:undefined:undefined:undefined":10,"s:132:4:134:Infinity":54,"s:133:6:133:Infinity":55,"b:135:4:137:Infinity:undefined:undefined:undefined:undefined":11,"s:135:4:137:Infinity":56,"s:136:6:136:Infinity":57,"s:138:4:138:Infinity":58,"b:140:2:143:Infinity:undefined:undefined:undefined:undefined":12,"s:140:2:143:Infinity":59,"s:141:4:141:Infinity":60,"s:142:4:142:Infinity":61,"s:145:22:149:Infinity":62,"f:148:9:148:10":15,"s:148:19:148:30":63,"s:150:25:167:Infinity":64,"f:150:44:150:45":16,"s:151:19:151:Infinity":65,"b:152:4:154:Infinity:undefined:undefined:undefined:undefined":13,"s:152:4:154:Infinity":66,"s:153:6:153:Infinity":67,"s:155:20:155:Infinity":68,"b:156:4:158:Infinity:undefined:undefined:undefined:undefined":14,"s:156:4:158:Infinity":69,"s:157:6:157:Infinity":70,"s:160:18:160:Infinity":71,"s:161:4:165:Infinity":72,"b:162:6:164:Infinity:undefined:undefined:undefined:undefined":15,"s:162:6:164:Infinity":73,"s:163:8:163:Infinity":74,"s:166:4:166:Infinity":75,"b:168:2:171:Infinity:undefined:undefined:undefined:undefined":16,"s:168:2:171:Infinity":76,"s:169:4:169:Infinity":77,"s:170:4:170:Infinity":78,"s:173:25:177:Infinity":79,"s:178:25:180:Infinity":80,"f:179:4:179:5":17,"s:179:16:179:Infinity":81,"b:181:2:185:Infinity:undefined:undefined:undefined:undefined":17,"s:181:2:185:Infinity":82,"s:182:4:182:Infinity":83,"s:183:4:183:Infinity":84,"s:184:4:184:Infinity":85,"b:187:2:190:Infinity:undefined:undefined:undefined:undefined":18,"s:187:2:190:Infinity":86,"s:188:4:188:Infinity":87,"s:189:4:189:Infinity":88,"b:192:2:195:Infinity:undefined:undefined:undefined:undefined":19,"s:192:2:195:Infinity":89,"s:193:4:193:Infinity":90,"s:194:4:194:Infinity":91,"b:197:2:228:Infinity:undefined:undefined:undefined:undefined":20,"s:197:2:228:Infinity":92,"b:197:6:197:35:197:35:197:53":21,"b:198:4:202:Infinity:undefined:undefined:undefined:undefined":22,"s:198:4:202:Infinity":93,"b:198:8:198:20:198:20:198:59":23,"s:199:6:201:Infinity":94,"b:200:8:200:Infinity:201:8:201:Infinity":24,"b:204:4:209:Infinity:undefined:undefined:undefined:undefined":25,"s:204:4:209:Infinity":95,"s:205:6:205:Infinity":96,"f:205:33:205:34":18,"s:205:43:205:86":97,"b:206:6:208:Infinity:undefined:undefined:undefined:undefined":26,"s:206:6:208:Infinity":98,"b:206:10:206:30:206:30:206:110":27,"s:207:8:207:Infinity":99,"b:210:4:218:Infinity:undefined:undefined:undefined:undefined":28,"s:210:4:218:Infinity":100,"s:211:6:217:Infinity":101,"f:211:30:211:31":19,"s:212:27:212:Infinity":102,"b:213:8:215:Infinity:undefined:undefined:undefined:undefined":29,"s:213:8:215:Infinity":103,"b:213:12:213:26:213:26:213:56":30,"s:214:10:214:Infinity":104,"s:216:8:216:Infinity":105,"b:220:4:222:Infinity:undefined:undefined:undefined:undefined":31,"s:220:4:222:Infinity":106,"s:221:6:221:Infinity":107,"b:223:4:225:Infinity:undefined:undefined:undefined:undefined":32,"s:223:4:225:Infinity":108,"s:224:6:224:Infinity":109,"s:227:4:227:Infinity":110,"s:230:13:230:Infinity":111,"b:230:13:230:28:230:28:230:Infinity":33,"s:232:2:244:Infinity":112}}}}}